mode: set
github.com/lauronicolas/curso-go/Clean-Arch-APP/configs/config.go:17.45,25.16 8 0
github.com/lauronicolas/curso-go/Clean-Arch-APP/configs/config.go:25.16,26.13 1 0
github.com/lauronicolas/curso-go/Clean-Arch-APP/configs/config.go:28.2,29.16 2 0
github.com/lauronicolas/curso-go/Clean-Arch-APP/configs/config.go:29.16,30.13 1 0
github.com/lauronicolas/curso-go/Clean-Arch-APP/configs/config.go:32.2,32.17 1 0
github.com/lauronicolas/curso-go/Clean-Arch-APP/cmd/ordersystem/main.go:26.13,28.16 2 0
github.com/lauronicolas/curso-go/Clean-Arch-APP/cmd/ordersystem/main.go:28.16,29.13 1 0
github.com/lauronicolas/curso-go/Clean-Arch-APP/cmd/ordersystem/main.go:32.2,33.16 2 0
github.com/lauronicolas/curso-go/Clean-Arch-APP/cmd/ordersystem/main.go:33.16,34.13 1 0
github.com/lauronicolas/curso-go/Clean-Arch-APP/cmd/ordersystem/main.go:36.2,60.16 17 0
github.com/lauronicolas/curso-go/Clean-Arch-APP/cmd/ordersystem/main.go:60.16,61.13 1 0
github.com/lauronicolas/curso-go/Clean-Arch-APP/cmd/ordersystem/main.go:63.2,72.57 6 0
github.com/lauronicolas/curso-go/Clean-Arch-APP/cmd/ordersystem/main.go:75.41,77.16 2 0
github.com/lauronicolas/curso-go/Clean-Arch-APP/cmd/ordersystem/main.go:77.16,78.13 1 0
github.com/lauronicolas/curso-go/Clean-Arch-APP/cmd/ordersystem/main.go:80.2,81.16 2 0
github.com/lauronicolas/curso-go/Clean-Arch-APP/cmd/ordersystem/main.go:81.16,82.13 1 0
github.com/lauronicolas/curso-go/Clean-Arch-APP/cmd/ordersystem/main.go:84.2,84.11 1 0
github.com/lauronicolas/curso-go/Clean-Arch-APP/cmd/ordersystem/wire_gen.go:22.117,27.2 4 0
github.com/lauronicolas/curso-go/Clean-Arch-APP/cmd/ordersystem/wire_gen.go:29.107,34.2 4 0
github.com/lauronicolas/curso-go/Clean-Arch-APP/internal/event/handler/order_created_handler.go:16.81,20.2 1 0
github.com/lauronicolas/curso-go/Clean-Arch-APP/internal/event/handler/order_created_handler.go:22.87,39.2 5 0
github.com/lauronicolas/curso-go/Clean-Arch-APP/internal/event/order_created.go:10.38,14.2 1 0
github.com/lauronicolas/curso-go/Clean-Arch-APP/internal/event/order_created.go:16.41,18.2 1 0
github.com/lauronicolas/curso-go/Clean-Arch-APP/internal/event/order_created.go:20.49,22.2 1 0
github.com/lauronicolas/curso-go/Clean-Arch-APP/internal/event/order_created.go:24.56,26.2 1 0
github.com/lauronicolas/curso-go/Clean-Arch-APP/internal/event/order_created.go:28.48,30.2 1 0
github.com/lauronicolas/curso-go/Clean-Arch-APP/internal/entity/order.go:12.70,19.16 3 1
github.com/lauronicolas/curso-go/Clean-Arch-APP/internal/entity/order.go:19.16,21.3 1 0
github.com/lauronicolas/curso-go/Clean-Arch-APP/internal/entity/order.go:22.2,22.19 1 1
github.com/lauronicolas/curso-go/Clean-Arch-APP/internal/entity/order.go:25.33,26.16 1 1
github.com/lauronicolas/curso-go/Clean-Arch-APP/internal/entity/order.go:26.16,28.3 1 1
github.com/lauronicolas/curso-go/Clean-Arch-APP/internal/entity/order.go:29.2,29.18 1 1
github.com/lauronicolas/curso-go/Clean-Arch-APP/internal/entity/order.go:29.18,31.3 1 1
github.com/lauronicolas/curso-go/Clean-Arch-APP/internal/entity/order.go:32.2,32.16 1 1
github.com/lauronicolas/curso-go/Clean-Arch-APP/internal/entity/order.go:32.16,34.3 1 1
github.com/lauronicolas/curso-go/Clean-Arch-APP/internal/entity/order.go:35.2,35.12 1 1
github.com/lauronicolas/curso-go/Clean-Arch-APP/internal/entity/order.go:38.45,41.16 3 1
github.com/lauronicolas/curso-go/Clean-Arch-APP/internal/entity/order.go:41.16,43.3 1 0
github.com/lauronicolas/curso-go/Clean-Arch-APP/internal/entity/order.go:44.2,44.12 1 1
github.com/lauronicolas/curso-go/Clean-Arch-APP/internal/infra/web/webserver/starter.go:7.65,11.2 1 0
github.com/lauronicolas/curso-go/Clean-Arch-APP/internal/infra/web/webserver/webserver.go:16.49,22.2 1 0
github.com/lauronicolas/curso-go/Clean-Arch-APP/internal/infra/web/webserver/webserver.go:24.71,26.2 1 0
github.com/lauronicolas/curso-go/Clean-Arch-APP/internal/infra/web/webserver/webserver.go:31.29,33.40 2 0
github.com/lauronicolas/curso-go/Clean-Arch-APP/internal/infra/web/webserver/webserver.go:33.40,35.3 1 0
github.com/lauronicolas/curso-go/Clean-Arch-APP/internal/infra/web/webserver/webserver.go:36.2,36.48 1 0
github.com/lauronicolas/curso-go/Clean-Arch-APP/internal/infra/grpc/service/order_service.go:15.83,19.2 1 0
github.com/lauronicolas/curso-go/Clean-Arch-APP/internal/infra/grpc/service/order_service.go:21.117,28.16 3 0
github.com/lauronicolas/curso-go/Clean-Arch-APP/internal/infra/grpc/service/order_service.go:28.16,30.3 1 0
github.com/lauronicolas/curso-go/Clean-Arch-APP/internal/infra/grpc/service/order_service.go:31.2,36.8 1 0
github.com/lauronicolas/curso-go/Clean-Arch-APP/internal/usecase/create_order.go:31.23,37.2 1 0
github.com/lauronicolas/curso-go/Clean-Arch-APP/internal/usecase/create_order.go:39.83,46.55 3 0
github.com/lauronicolas/curso-go/Clean-Arch-APP/internal/usecase/create_order.go:46.55,48.3 1 0
github.com/lauronicolas/curso-go/Clean-Arch-APP/internal/usecase/create_order.go:50.2,60.17 4 0
github.com/lauronicolas/curso-go/Clean-Arch-APP/internal/infra/web/order_handler.go:22.20,28.2 1 0
github.com/lauronicolas/curso-go/Clean-Arch-APP/internal/infra/web/order_handler.go:30.74,33.16 3 0
github.com/lauronicolas/curso-go/Clean-Arch-APP/internal/infra/web/order_handler.go:33.16,36.3 2 0
github.com/lauronicolas/curso-go/Clean-Arch-APP/internal/infra/web/order_handler.go:38.2,40.16 3 0
github.com/lauronicolas/curso-go/Clean-Arch-APP/internal/infra/web/order_handler.go:40.16,43.3 2 0
github.com/lauronicolas/curso-go/Clean-Arch-APP/internal/infra/web/order_handler.go:44.2,45.16 2 0
github.com/lauronicolas/curso-go/Clean-Arch-APP/internal/infra/web/order_handler.go:45.16,48.3 2 0
github.com/lauronicolas/curso-go/Clean-Arch-APP/internal/infra/grpc/pb/order.pb.go:33.38,35.29 2 0
github.com/lauronicolas/curso-go/Clean-Arch-APP/internal/infra/grpc/pb/order.pb.go:35.29,39.3 3 0
github.com/lauronicolas/curso-go/Clean-Arch-APP/internal/infra/grpc/pb/order.pb.go:42.46,44.2 1 0
github.com/lauronicolas/curso-go/Clean-Arch-APP/internal/infra/grpc/pb/order.pb.go:46.44,46.45 0 0
github.com/lauronicolas/curso-go/Clean-Arch-APP/internal/infra/grpc/pb/order.pb.go:48.66,50.41 2 0
github.com/lauronicolas/curso-go/Clean-Arch-APP/internal/infra/grpc/pb/order.pb.go:50.41,52.34 2 0
github.com/lauronicolas/curso-go/Clean-Arch-APP/internal/infra/grpc/pb/order.pb.go:52.34,54.4 1 0
github.com/lauronicolas/curso-go/Clean-Arch-APP/internal/infra/grpc/pb/order.pb.go:55.3,55.12 1 0
github.com/lauronicolas/curso-go/Clean-Arch-APP/internal/infra/grpc/pb/order.pb.go:57.2,57.24 1 0
github.com/lauronicolas/curso-go/Clean-Arch-APP/internal/infra/grpc/pb/order.pb.go:61.57,63.2 1 0
github.com/lauronicolas/curso-go/Clean-Arch-APP/internal/infra/grpc/pb/order.pb.go:65.45,66.14 1 0
github.com/lauronicolas/curso-go/Clean-Arch-APP/internal/infra/grpc/pb/order.pb.go:66.14,68.3 1 0
github.com/lauronicolas/curso-go/Clean-Arch-APP/internal/infra/grpc/pb/order.pb.go:69.2,69.11 1 0
github.com/lauronicolas/curso-go/Clean-Arch-APP/internal/infra/grpc/pb/order.pb.go:72.49,73.14 1 0
github.com/lauronicolas/curso-go/Clean-Arch-APP/internal/infra/grpc/pb/order.pb.go:73.14,75.3 1 0
github.com/lauronicolas/curso-go/Clean-Arch-APP/internal/infra/grpc/pb/order.pb.go:76.2,76.10 1 0
github.com/lauronicolas/curso-go/Clean-Arch-APP/internal/infra/grpc/pb/order.pb.go:79.47,80.14 1 0
github.com/lauronicolas/curso-go/Clean-Arch-APP/internal/infra/grpc/pb/order.pb.go:80.14,82.3 1 0
github.com/lauronicolas/curso-go/Clean-Arch-APP/internal/infra/grpc/pb/order.pb.go:83.2,83.10 1 0
github.com/lauronicolas/curso-go/Clean-Arch-APP/internal/infra/grpc/pb/order.pb.go:97.39,99.29 2 0
github.com/lauronicolas/curso-go/Clean-Arch-APP/internal/infra/grpc/pb/order.pb.go:99.29,103.3 3 0
github.com/lauronicolas/curso-go/Clean-Arch-APP/internal/infra/grpc/pb/order.pb.go:106.47,108.2 1 0
github.com/lauronicolas/curso-go/Clean-Arch-APP/internal/infra/grpc/pb/order.pb.go:110.45,110.46 0 0
github.com/lauronicolas/curso-go/Clean-Arch-APP/internal/infra/grpc/pb/order.pb.go:112.67,114.41 2 0
github.com/lauronicolas/curso-go/Clean-Arch-APP/internal/infra/grpc/pb/order.pb.go:114.41,116.34 2 0
github.com/lauronicolas/curso-go/Clean-Arch-APP/internal/infra/grpc/pb/order.pb.go:116.34,118.4 1 0
github.com/lauronicolas/curso-go/Clean-Arch-APP/internal/infra/grpc/pb/order.pb.go:119.3,119.12 1 0
github.com/lauronicolas/curso-go/Clean-Arch-APP/internal/infra/grpc/pb/order.pb.go:121.2,121.24 1 0
github.com/lauronicolas/curso-go/Clean-Arch-APP/internal/infra/grpc/pb/order.pb.go:125.58,127.2 1 0
github.com/lauronicolas/curso-go/Clean-Arch-APP/internal/infra/grpc/pb/order.pb.go:129.46,130.14 1 0
github.com/lauronicolas/curso-go/Clean-Arch-APP/internal/infra/grpc/pb/order.pb.go:130.14,132.3 1 0
github.com/lauronicolas/curso-go/Clean-Arch-APP/internal/infra/grpc/pb/order.pb.go:133.2,133.11 1 0
github.com/lauronicolas/curso-go/Clean-Arch-APP/internal/infra/grpc/pb/order.pb.go:136.50,137.14 1 0
github.com/lauronicolas/curso-go/Clean-Arch-APP/internal/infra/grpc/pb/order.pb.go:137.14,139.3 1 0
github.com/lauronicolas/curso-go/Clean-Arch-APP/internal/infra/grpc/pb/order.pb.go:140.2,140.10 1 0
github.com/lauronicolas/curso-go/Clean-Arch-APP/internal/infra/grpc/pb/order.pb.go:143.48,144.14 1 0
github.com/lauronicolas/curso-go/Clean-Arch-APP/internal/infra/grpc/pb/order.pb.go:144.14,146.3 1 0
github.com/lauronicolas/curso-go/Clean-Arch-APP/internal/infra/grpc/pb/order.pb.go:147.2,147.10 1 0
github.com/lauronicolas/curso-go/Clean-Arch-APP/internal/infra/grpc/pb/order.pb.go:150.55,151.14 1 0
github.com/lauronicolas/curso-go/Clean-Arch-APP/internal/infra/grpc/pb/order.pb.go:151.14,153.3 1 0
github.com/lauronicolas/curso-go/Clean-Arch-APP/internal/infra/grpc/pb/order.pb.go:154.2,154.10 1 0
github.com/lauronicolas/curso-go/Clean-Arch-APP/internal/infra/grpc/pb/order.pb.go:188.50,189.47 1 0
github.com/lauronicolas/curso-go/Clean-Arch-APP/internal/infra/grpc/pb/order.pb.go:189.47,191.3 1 0
github.com/lauronicolas/curso-go/Clean-Arch-APP/internal/infra/grpc/pb/order.pb.go:192.2,192.43 1 0
github.com/lauronicolas/curso-go/Clean-Arch-APP/internal/infra/grpc/pb/order.pb.go:210.13,210.46 1 0
github.com/lauronicolas/curso-go/Clean-Arch-APP/internal/infra/grpc/pb/order.pb.go:211.36,212.35 1 0
github.com/lauronicolas/curso-go/Clean-Arch-APP/internal/infra/grpc/pb/order.pb.go:212.35,214.3 1 0
github.com/lauronicolas/curso-go/Clean-Arch-APP/internal/infra/grpc/pb/order.pb.go:215.2,215.30 1 0
github.com/lauronicolas/curso-go/Clean-Arch-APP/internal/infra/grpc/pb/order.pb.go:215.30,216.88 1 0
github.com/lauronicolas/curso-go/Clean-Arch-APP/internal/infra/grpc/pb/order.pb.go:216.88,217.43 1 0
github.com/lauronicolas/curso-go/Clean-Arch-APP/internal/infra/grpc/pb/order.pb.go:218.11,219.20 1 0
github.com/lauronicolas/curso-go/Clean-Arch-APP/internal/infra/grpc/pb/order.pb.go:220.11,221.24 1 0
github.com/lauronicolas/curso-go/Clean-Arch-APP/internal/infra/grpc/pb/order.pb.go:222.11,223.28 1 0
github.com/lauronicolas/curso-go/Clean-Arch-APP/internal/infra/grpc/pb/order.pb.go:224.12,225.15 1 0
github.com/lauronicolas/curso-go/Clean-Arch-APP/internal/infra/grpc/pb/order.pb.go:228.3,228.88 1 0
github.com/lauronicolas/curso-go/Clean-Arch-APP/internal/infra/grpc/pb/order.pb.go:228.88,229.44 1 0
github.com/lauronicolas/curso-go/Clean-Arch-APP/internal/infra/grpc/pb/order.pb.go:230.11,231.20 1 0
github.com/lauronicolas/curso-go/Clean-Arch-APP/internal/infra/grpc/pb/order.pb.go:232.11,233.24 1 0
github.com/lauronicolas/curso-go/Clean-Arch-APP/internal/infra/grpc/pb/order.pb.go:234.11,235.28 1 0
github.com/lauronicolas/curso-go/Clean-Arch-APP/internal/infra/grpc/pb/order.pb.go:236.12,237.15 1 0
github.com/lauronicolas/curso-go/Clean-Arch-APP/internal/infra/grpc/pb/order.pb.go:241.2,258.38 6 0
github.com/lauronicolas/curso-go/Clean-Arch-APP/internal/infra/grpc/pb/order_grpc.pb.go:32.76,34.2 1 0
github.com/lauronicolas/curso-go/Clean-Arch-APP/internal/infra/grpc/pb/order_grpc.pb.go:36.142,39.16 3 0
github.com/lauronicolas/curso-go/Clean-Arch-APP/internal/infra/grpc/pb/order_grpc.pb.go:39.16,41.3 1 0
github.com/lauronicolas/curso-go/Clean-Arch-APP/internal/infra/grpc/pb/order_grpc.pb.go:42.2,42.17 1 0
github.com/lauronicolas/curso-go/Clean-Arch-APP/internal/infra/grpc/pb/order_grpc.pb.go:57.120,59.2 1 0
github.com/lauronicolas/curso-go/Clean-Arch-APP/internal/infra/grpc/pb/order_grpc.pb.go:60.84,60.85 0 0
github.com/lauronicolas/curso-go/Clean-Arch-APP/internal/infra/grpc/pb/order_grpc.pb.go:69.82,71.2 1 0
github.com/lauronicolas/curso-go/Clean-Arch-APP/internal/infra/grpc/pb/order_grpc.pb.go:73.169,75.32 2 0
github.com/lauronicolas/curso-go/Clean-Arch-APP/internal/infra/grpc/pb/order_grpc.pb.go:75.32,77.3 1 0
github.com/lauronicolas/curso-go/Clean-Arch-APP/internal/infra/grpc/pb/order_grpc.pb.go:78.2,78.24 1 0
github.com/lauronicolas/curso-go/Clean-Arch-APP/internal/infra/grpc/pb/order_grpc.pb.go:78.24,80.3 1 0
github.com/lauronicolas/curso-go/Clean-Arch-APP/internal/infra/grpc/pb/order_grpc.pb.go:81.2,85.77 2 0
github.com/lauronicolas/curso-go/Clean-Arch-APP/internal/infra/grpc/pb/order_grpc.pb.go:85.77,87.3 1 0
github.com/lauronicolas/curso-go/Clean-Arch-APP/internal/infra/grpc/pb/order_grpc.pb.go:88.2,88.44 1 0
github.com/lauronicolas/curso-go/Clean-Arch-APP/internal/infra/graph/generated.go:24.63,30.2 1 0
github.com/lauronicolas/curso-go/Clean-Arch-APP/internal/infra/graph/generated.go:71.49,73.2 1 0
github.com/lauronicolas/curso-go/Clean-Arch-APP/internal/infra/graph/generated.go:75.128,78.32 3 0
github.com/lauronicolas/curso-go/Clean-Arch-APP/internal/infra/graph/generated.go:80.30,81.47 1 0
github.com/lauronicolas/curso-go/Clean-Arch-APP/internal/infra/graph/generated.go:81.47,82.9 1 0
github.com/lauronicolas/curso-go/Clean-Arch-APP/internal/infra/graph/generated.go:85.3,86.17 2 0
github.com/lauronicolas/curso-go/Clean-Arch-APP/internal/infra/graph/generated.go:86.17,88.4 1 0
github.com/lauronicolas/curso-go/Clean-Arch-APP/internal/infra/graph/generated.go:90.3,90.101 1 0
github.com/lauronicolas/curso-go/Clean-Arch-APP/internal/infra/graph/generated.go:92.26,93.43 1 0
github.com/lauronicolas/curso-go/Clean-Arch-APP/internal/infra/graph/generated.go:93.43,94.9 1 0
github.com/lauronicolas/curso-go/Clean-Arch-APP/internal/infra/graph/generated.go:97.3,97.62 1 0
github.com/lauronicolas/curso-go/Clean-Arch-APP/internal/infra/graph/generated.go:99.18,100.35 1 0
github.com/lauronicolas/curso-go/Clean-Arch-APP/internal/infra/graph/generated.go:100.35,101.9 1 0
github.com/lauronicolas/curso-go/Clean-Arch-APP/internal/infra/graph/generated.go:104.3,104.54 1 0
github.com/lauronicolas/curso-go/Clean-Arch-APP/internal/infra/graph/generated.go:106.21,107.38 1 0
github.com/lauronicolas/curso-go/Clean-Arch-APP/internal/infra/graph/generated.go:107.38,108.9 1 0
github.com/lauronicolas/curso-go/Clean-Arch-APP/internal/infra/graph/generated.go:111.3,111.57 1 0
github.com/lauronicolas/curso-go/Clean-Arch-APP/internal/infra/graph/generated.go:113.19,114.36 1 0
github.com/lauronicolas/curso-go/Clean-Arch-APP/internal/infra/graph/generated.go:114.36,115.9 1 0
github.com/lauronicolas/curso-go/Clean-Arch-APP/internal/infra/graph/generated.go:118.3,118.55 1 0
github.com/lauronicolas/curso-go/Clean-Arch-APP/internal/infra/graph/generated.go:121.2,121.17 1 0
github.com/lauronicolas/curso-go/Clean-Arch-APP/internal/infra/graph/generated.go:124.78,132.32 5 0
github.com/lauronicolas/curso-go/Clean-Arch-APP/internal/infra/graph/generated.go:133.17,134.54 1 0
github.com/lauronicolas/curso-go/Clean-Arch-APP/internal/infra/graph/generated.go:134.54,135.14 1 0
github.com/lauronicolas/curso-go/Clean-Arch-APP/internal/infra/graph/generated.go:135.14,137.5 1 0
github.com/lauronicolas/curso-go/Clean-Arch-APP/internal/infra/graph/generated.go:138.4,146.5 6 0
github.com/lauronicolas/curso-go/Clean-Arch-APP/internal/infra/graph/generated.go:148.20,149.54 1 0
github.com/lauronicolas/curso-go/Clean-Arch-APP/internal/infra/graph/generated.go:149.54,150.14 1 0
github.com/lauronicolas/curso-go/Clean-Arch-APP/internal/infra/graph/generated.go:150.14,152.5 1 0
github.com/lauronicolas/curso-go/Clean-Arch-APP/internal/infra/graph/generated.go:153.4,161.5 6 0
github.com/lauronicolas/curso-go/Clean-Arch-APP/internal/infra/graph/generated.go:164.10,165.86 1 0
github.com/lauronicolas/curso-go/Clean-Arch-APP/internal/infra/graph/generated.go:174.79,175.29 1 0
github.com/lauronicolas/curso-go/Clean-Arch-APP/internal/infra/graph/generated.go:175.29,177.3 1 0
github.com/lauronicolas/curso-go/Clean-Arch-APP/internal/infra/graph/generated.go:178.2,178.52 1 0
github.com/lauronicolas/curso-go/Clean-Arch-APP/internal/infra/graph/generated.go:181.86,182.29 1 0
github.com/lauronicolas/curso-go/Clean-Arch-APP/internal/infra/graph/generated.go:182.29,184.3 1 0
github.com/lauronicolas/curso-go/Clean-Arch-APP/internal/infra/graph/generated.go:185.2,185.83 1 0
github.com/lauronicolas/curso-go/Clean-Arch-APP/internal/infra/graph/generated.go:191.41,193.16 2 0
github.com/lauronicolas/curso-go/Clean-Arch-APP/internal/infra/graph/generated.go:193.16,194.68 1 0
github.com/lauronicolas/curso-go/Clean-Arch-APP/internal/infra/graph/generated.go:196.2,196.21 1 0
github.com/lauronicolas/curso-go/Clean-Arch-APP/internal/infra/graph/generated.go:208.146,212.37 4 0
github.com/lauronicolas/curso-go/Clean-Arch-APP/internal/infra/graph/generated.go:212.37,215.17 3 0
github.com/lauronicolas/curso-go/Clean-Arch-APP/internal/infra/graph/generated.go:215.17,217.4 1 0
github.com/lauronicolas/curso-go/Clean-Arch-APP/internal/infra/graph/generated.go:219.2,220.18 2 0
github.com/lauronicolas/curso-go/Clean-Arch-APP/internal/infra/graph/generated.go:223.138,227.36 4 0
github.com/lauronicolas/curso-go/Clean-Arch-APP/internal/infra/graph/generated.go:227.36,230.17 3 0
github.com/lauronicolas/curso-go/Clean-Arch-APP/internal/infra/graph/generated.go:230.17,232.4 1 0
github.com/lauronicolas/curso-go/Clean-Arch-APP/internal/infra/graph/generated.go:234.2,235.18 2 0
github.com/lauronicolas/curso-go/Clean-Arch-APP/internal/infra/graph/generated.go:238.143,242.49 4 0
github.com/lauronicolas/curso-go/Clean-Arch-APP/internal/infra/graph/generated.go:242.49,245.17 3 0
github.com/lauronicolas/curso-go/Clean-Arch-APP/internal/infra/graph/generated.go:245.17,247.4 1 0
github.com/lauronicolas/curso-go/Clean-Arch-APP/internal/infra/graph/generated.go:249.2,250.18 2 0
github.com/lauronicolas/curso-go/Clean-Arch-APP/internal/infra/graph/generated.go:253.139,257.49 4 0
github.com/lauronicolas/curso-go/Clean-Arch-APP/internal/infra/graph/generated.go:257.49,260.17 3 0
github.com/lauronicolas/curso-go/Clean-Arch-APP/internal/infra/graph/generated.go:260.17,262.4 1 0
github.com/lauronicolas/curso-go/Clean-Arch-APP/internal/infra/graph/generated.go:264.2,265.18 2 0
github.com/lauronicolas/curso-go/Clean-Arch-APP/internal/infra/graph/generated.go:276.126,278.16 2 0
github.com/lauronicolas/curso-go/Clean-Arch-APP/internal/infra/graph/generated.go:278.16,280.3 1 0
github.com/lauronicolas/curso-go/Clean-Arch-APP/internal/infra/graph/generated.go:281.2,282.15 2 0
github.com/lauronicolas/curso-go/Clean-Arch-APP/internal/infra/graph/generated.go:282.15,283.31 1 0
github.com/lauronicolas/curso-go/Clean-Arch-APP/internal/infra/graph/generated.go:283.31,286.4 2 0
github.com/lauronicolas/curso-go/Clean-Arch-APP/internal/infra/graph/generated.go:288.2,288.92 1 0
github.com/lauronicolas/curso-go/Clean-Arch-APP/internal/infra/graph/generated.go:288.92,291.3 2 0
github.com/lauronicolas/curso-go/Clean-Arch-APP/internal/infra/graph/generated.go:292.2,292.16 1 0
github.com/lauronicolas/curso-go/Clean-Arch-APP/internal/infra/graph/generated.go:292.16,295.3 2 0
github.com/lauronicolas/curso-go/Clean-Arch-APP/internal/infra/graph/generated.go:296.2,296.19 1 0
github.com/lauronicolas/curso-go/Clean-Arch-APP/internal/infra/graph/generated.go:296.19,298.3 1 0
github.com/lauronicolas/curso-go/Clean-Arch-APP/internal/infra/graph/generated.go:299.2,301.125 3 0
github.com/lauronicolas/curso-go/Clean-Arch-APP/internal/infra/graph/generated.go:304.152,310.97 1 0
github.com/lauronicolas/curso-go/Clean-Arch-APP/internal/infra/graph/generated.go:310.97,311.22 1 0
github.com/lauronicolas/curso-go/Clean-Arch-APP/internal/infra/graph/generated.go:312.14,313.48 1 0
github.com/lauronicolas/curso-go/Clean-Arch-APP/internal/infra/graph/generated.go:314.17,315.51 1 0
github.com/lauronicolas/curso-go/Clean-Arch-APP/internal/infra/graph/generated.go:316.15,317.49 1 0
github.com/lauronicolas/curso-go/Clean-Arch-APP/internal/infra/graph/generated.go:318.22,319.56 1 0
github.com/lauronicolas/curso-go/Clean-Arch-APP/internal/infra/graph/generated.go:321.4,321.86 1 0
github.com/lauronicolas/curso-go/Clean-Arch-APP/internal/infra/graph/generated.go:324.2,324.15 1 0
github.com/lauronicolas/curso-go/Clean-Arch-APP/internal/infra/graph/generated.go:324.15,325.31 1 0
github.com/lauronicolas/curso-go/Clean-Arch-APP/internal/infra/graph/generated.go:325.31,328.4 2 0
github.com/lauronicolas/curso-go/Clean-Arch-APP/internal/infra/graph/generated.go:330.2,331.105 2 0
github.com/lauronicolas/curso-go/Clean-Arch-APP/internal/infra/graph/generated.go:331.105,334.3 2 0
github.com/lauronicolas/curso-go/Clean-Arch-APP/internal/infra/graph/generated.go:335.2,335.16 1 0
github.com/lauronicolas/curso-go/Clean-Arch-APP/internal/infra/graph/generated.go:338.132,340.16 2 0
github.com/lauronicolas/curso-go/Clean-Arch-APP/internal/infra/graph/generated.go:340.16,342.3 1 0
github.com/lauronicolas/curso-go/Clean-Arch-APP/internal/infra/graph/generated.go:343.2,344.15 2 0
github.com/lauronicolas/curso-go/Clean-Arch-APP/internal/infra/graph/generated.go:344.15,345.31 1 0
github.com/lauronicolas/curso-go/Clean-Arch-APP/internal/infra/graph/generated.go:345.31,348.4 2 0
github.com/lauronicolas/curso-go/Clean-Arch-APP/internal/infra/graph/generated.go:350.2,350.92 1 0
github.com/lauronicolas/curso-go/Clean-Arch-APP/internal/infra/graph/generated.go:350.92,353.3 2 0
github.com/lauronicolas/curso-go/Clean-Arch-APP/internal/infra/graph/generated.go:354.2,354.16 1 0
github.com/lauronicolas/curso-go/Clean-Arch-APP/internal/infra/graph/generated.go:354.16,357.3 2 0
github.com/lauronicolas/curso-go/Clean-Arch-APP/internal/infra/graph/generated.go:358.2,358.19 1 0
github.com/lauronicolas/curso-go/Clean-Arch-APP/internal/infra/graph/generated.go:358.19,359.38 1 0
github.com/lauronicolas/curso-go/Clean-Arch-APP/internal/infra/graph/generated.go:359.38,361.4 1 0
github.com/lauronicolas/curso-go/Clean-Arch-APP/internal/infra/graph/generated.go:362.3,362.22 1 0
github.com/lauronicolas/curso-go/Clean-Arch-APP/internal/infra/graph/generated.go:364.2,366.61 3 0
github.com/lauronicolas/curso-go/Clean-Arch-APP/internal/infra/graph/generated.go:369.140,375.97 1 0
github.com/lauronicolas/curso-go/Clean-Arch-APP/internal/infra/graph/generated.go:375.97,377.4 1 0
github.com/lauronicolas/curso-go/Clean-Arch-APP/internal/infra/graph/generated.go:379.2,379.16 1 0
github.com/lauronicolas/curso-go/Clean-Arch-APP/internal/infra/graph/generated.go:382.135,384.16 2 0
github.com/lauronicolas/curso-go/Clean-Arch-APP/internal/infra/graph/generated.go:384.16,386.3 1 0
github.com/lauronicolas/curso-go/Clean-Arch-APP/internal/infra/graph/generated.go:387.2,388.15 2 0
github.com/lauronicolas/curso-go/Clean-Arch-APP/internal/infra/graph/generated.go:388.15,389.31 1 0
github.com/lauronicolas/curso-go/Clean-Arch-APP/internal/infra/graph/generated.go:389.31,392.4 2 0
github.com/lauronicolas/curso-go/Clean-Arch-APP/internal/infra/graph/generated.go:394.2,394.92 1 0
github.com/lauronicolas/curso-go/Clean-Arch-APP/internal/infra/graph/generated.go:394.92,397.3 2 0
github.com/lauronicolas/curso-go/Clean-Arch-APP/internal/infra/graph/generated.go:398.2,398.16 1 0
github.com/lauronicolas/curso-go/Clean-Arch-APP/internal/infra/graph/generated.go:398.16,401.3 2 0
github.com/lauronicolas/curso-go/Clean-Arch-APP/internal/infra/graph/generated.go:402.2,402.19 1 0
github.com/lauronicolas/curso-go/Clean-Arch-APP/internal/infra/graph/generated.go:402.19,403.38 1 0
github.com/lauronicolas/curso-go/Clean-Arch-APP/internal/infra/graph/generated.go:403.38,405.4 1 0
github.com/lauronicolas/curso-go/Clean-Arch-APP/internal/infra/graph/generated.go:406.3,406.22 1 0
github.com/lauronicolas/curso-go/Clean-Arch-APP/internal/infra/graph/generated.go:408.2,410.61 3 0
github.com/lauronicolas/curso-go/Clean-Arch-APP/internal/infra/graph/generated.go:413.143,419.97 1 0
github.com/lauronicolas/curso-go/Clean-Arch-APP/internal/infra/graph/generated.go:419.97,421.4 1 0
github.com/lauronicolas/curso-go/Clean-Arch-APP/internal/infra/graph/generated.go:423.2,423.16 1 0
github.com/lauronicolas/curso-go/Clean-Arch-APP/internal/infra/graph/generated.go:426.133,428.16 2 0
github.com/lauronicolas/curso-go/Clean-Arch-APP/internal/infra/graph/generated.go:428.16,430.3 1 0
github.com/lauronicolas/curso-go/Clean-Arch-APP/internal/infra/graph/generated.go:431.2,432.15 2 0
github.com/lauronicolas/curso-go/Clean-Arch-APP/internal/infra/graph/generated.go:432.15,433.31 1 0
github.com/lauronicolas/curso-go/Clean-Arch-APP/internal/infra/graph/generated.go:433.31,436.4 2 0
github.com/lauronicolas/curso-go/Clean-Arch-APP/internal/infra/graph/generated.go:438.2,438.92 1 0
github.com/lauronicolas/curso-go/Clean-Arch-APP/internal/infra/graph/generated.go:438.92,441.3 2 0
github.com/lauronicolas/curso-go/Clean-Arch-APP/internal/infra/graph/generated.go:442.2,442.16 1 0
github.com/lauronicolas/curso-go/Clean-Arch-APP/internal/infra/graph/generated.go:442.16,445.3 2 0
github.com/lauronicolas/curso-go/Clean-Arch-APP/internal/infra/graph/generated.go:446.2,446.19 1 0
github.com/lauronicolas/curso-go/Clean-Arch-APP/internal/infra/graph/generated.go:446.19,447.38 1 0
github.com/lauronicolas/curso-go/Clean-Arch-APP/internal/infra/graph/generated.go:447.38,449.4 1 0
github.com/lauronicolas/curso-go/Clean-Arch-APP/internal/infra/graph/generated.go:450.3,450.22 1 0
github.com/lauronicolas/curso-go/Clean-Arch-APP/internal/infra/graph/generated.go:452.2,454.61 3 0
github.com/lauronicolas/curso-go/Clean-Arch-APP/internal/infra/graph/generated.go:457.141,463.97 1 0
github.com/lauronicolas/curso-go/Clean-Arch-APP/internal/infra/graph/generated.go:463.97,465.4 1 0
github.com/lauronicolas/curso-go/Clean-Arch-APP/internal/infra/graph/generated.go:467.2,467.16 1 0
github.com/lauronicolas/curso-go/Clean-Arch-APP/internal/infra/graph/generated.go:470.140,472.16 2 0
github.com/lauronicolas/curso-go/Clean-Arch-APP/internal/infra/graph/generated.go:472.16,474.3 1 0
github.com/lauronicolas/curso-go/Clean-Arch-APP/internal/infra/graph/generated.go:475.2,476.15 2 0
github.com/lauronicolas/curso-go/Clean-Arch-APP/internal/infra/graph/generated.go:476.15,477.31 1 0
github.com/lauronicolas/curso-go/Clean-Arch-APP/internal/infra/graph/generated.go:477.31,480.4 2 0
github.com/lauronicolas/curso-go/Clean-Arch-APP/internal/infra/graph/generated.go:482.2,482.92 1 0
github.com/lauronicolas/curso-go/Clean-Arch-APP/internal/infra/graph/generated.go:482.92,485.3 2 0
github.com/lauronicolas/curso-go/Clean-Arch-APP/internal/infra/graph/generated.go:486.2,486.16 1 0
github.com/lauronicolas/curso-go/Clean-Arch-APP/internal/infra/graph/generated.go:486.16,489.3 2 0
github.com/lauronicolas/curso-go/Clean-Arch-APP/internal/infra/graph/generated.go:490.2,490.19 1 0
github.com/lauronicolas/curso-go/Clean-Arch-APP/internal/infra/graph/generated.go:490.19,491.38 1 0
github.com/lauronicolas/curso-go/Clean-Arch-APP/internal/infra/graph/generated.go:491.38,493.4 1 0
github.com/lauronicolas/curso-go/Clean-Arch-APP/internal/infra/graph/generated.go:494.3,494.22 1 0
github.com/lauronicolas/curso-go/Clean-Arch-APP/internal/infra/graph/generated.go:496.2,498.61 3 0
github.com/lauronicolas/curso-go/Clean-Arch-APP/internal/infra/graph/generated.go:501.148,507.97 1 0
github.com/lauronicolas/curso-go/Clean-Arch-APP/internal/infra/graph/generated.go:507.97,509.4 1 0
github.com/lauronicolas/curso-go/Clean-Arch-APP/internal/infra/graph/generated.go:511.2,511.16 1 0
github.com/lauronicolas/curso-go/Clean-Arch-APP/internal/infra/graph/generated.go:514.118,516.16 2 0
github.com/lauronicolas/curso-go/Clean-Arch-APP/internal/infra/graph/generated.go:516.16,518.3 1 0
github.com/lauronicolas/curso-go/Clean-Arch-APP/internal/infra/graph/generated.go:519.2,520.15 2 0
github.com/lauronicolas/curso-go/Clean-Arch-APP/internal/infra/graph/generated.go:520.15,521.31 1 0
github.com/lauronicolas/curso-go/Clean-Arch-APP/internal/infra/graph/generated.go:521.31,524.4 2 0
github.com/lauronicolas/curso-go/Clean-Arch-APP/internal/infra/graph/generated.go:526.2,526.92 1 0
github.com/lauronicolas/curso-go/Clean-Arch-APP/internal/infra/graph/generated.go:526.92,529.3 2 0
github.com/lauronicolas/curso-go/Clean-Arch-APP/internal/infra/graph/generated.go:530.2,530.16 1 0
github.com/lauronicolas/curso-go/Clean-Arch-APP/internal/infra/graph/generated.go:530.16,533.3 2 0
github.com/lauronicolas/curso-go/Clean-Arch-APP/internal/infra/graph/generated.go:534.2,534.19 1 0
github.com/lauronicolas/curso-go/Clean-Arch-APP/internal/infra/graph/generated.go:534.19,536.3 1 0
github.com/lauronicolas/curso-go/Clean-Arch-APP/internal/infra/graph/generated.go:537.2,539.124 3 0
github.com/lauronicolas/curso-go/Clean-Arch-APP/internal/infra/graph/generated.go:542.144,548.97 1 0
github.com/lauronicolas/curso-go/Clean-Arch-APP/internal/infra/graph/generated.go:548.97,549.22 1 0
github.com/lauronicolas/curso-go/Clean-Arch-APP/internal/infra/graph/generated.go:550.16,551.51 1 0
github.com/lauronicolas/curso-go/Clean-Arch-APP/internal/infra/graph/generated.go:552.16,553.51 1 0
github.com/lauronicolas/curso-go/Clean-Arch-APP/internal/infra/graph/generated.go:554.23,555.58 1 0
github.com/lauronicolas/curso-go/Clean-Arch-APP/internal/infra/graph/generated.go:556.18,557.53 1 0
github.com/lauronicolas/curso-go/Clean-Arch-APP/internal/infra/graph/generated.go:558.22,559.57 1 0
github.com/lauronicolas/curso-go/Clean-Arch-APP/internal/infra/graph/generated.go:560.25,561.60 1 0
github.com/lauronicolas/curso-go/Clean-Arch-APP/internal/infra/graph/generated.go:562.22,563.57 1 0
github.com/lauronicolas/curso-go/Clean-Arch-APP/internal/infra/graph/generated.go:564.23,565.58 1 0
github.com/lauronicolas/curso-go/Clean-Arch-APP/internal/infra/graph/generated.go:566.18,567.53 1 0
github.com/lauronicolas/curso-go/Clean-Arch-APP/internal/infra/graph/generated.go:568.26,569.61 1 0
github.com/lauronicolas/curso-go/Clean-Arch-APP/internal/infra/graph/generated.go:571.4,571.87 1 0
github.com/lauronicolas/curso-go/Clean-Arch-APP/internal/infra/graph/generated.go:574.2,574.15 1 0
github.com/lauronicolas/curso-go/Clean-Arch-APP/internal/infra/graph/generated.go:574.15,575.31 1 0
github.com/lauronicolas/curso-go/Clean-Arch-APP/internal/infra/graph/generated.go:575.31,578.4 2 0
github.com/lauronicolas/curso-go/Clean-Arch-APP/internal/infra/graph/generated.go:580.2,581.97 2 0
github.com/lauronicolas/curso-go/Clean-Arch-APP/internal/infra/graph/generated.go:581.97,584.3 2 0
github.com/lauronicolas/curso-go/Clean-Arch-APP/internal/infra/graph/generated.go:585.2,585.16 1 0
github.com/lauronicolas/curso-go/Clean-Arch-APP/internal/infra/graph/generated.go:588.120,590.16 2 0
github.com/lauronicolas/curso-go/Clean-Arch-APP/internal/infra/graph/generated.go:590.16,592.3 1 0
github.com/lauronicolas/curso-go/Clean-Arch-APP/internal/infra/graph/generated.go:593.2,594.15 2 0
github.com/lauronicolas/curso-go/Clean-Arch-APP/internal/infra/graph/generated.go:594.15,595.31 1 0
github.com/lauronicolas/curso-go/Clean-Arch-APP/internal/infra/graph/generated.go:595.31,598.4 2 0
github.com/lauronicolas/curso-go/Clean-Arch-APP/internal/infra/graph/generated.go:600.2,600.92 1 0
github.com/lauronicolas/curso-go/Clean-Arch-APP/internal/infra/graph/generated.go:600.92,603.3 2 0
github.com/lauronicolas/curso-go/Clean-Arch-APP/internal/infra/graph/generated.go:604.2,604.16 1 0
github.com/lauronicolas/curso-go/Clean-Arch-APP/internal/infra/graph/generated.go:604.16,607.3 2 0
github.com/lauronicolas/curso-go/Clean-Arch-APP/internal/infra/graph/generated.go:608.2,608.19 1 0
github.com/lauronicolas/curso-go/Clean-Arch-APP/internal/infra/graph/generated.go:608.19,610.3 1 0
github.com/lauronicolas/curso-go/Clean-Arch-APP/internal/infra/graph/generated.go:611.2,613.128 3 0
github.com/lauronicolas/curso-go/Clean-Arch-APP/internal/infra/graph/generated.go:616.146,622.97 1 0
github.com/lauronicolas/curso-go/Clean-Arch-APP/internal/infra/graph/generated.go:622.97,623.22 1 0
github.com/lauronicolas/curso-go/Clean-Arch-APP/internal/infra/graph/generated.go:624.23,625.60 1 0
github.com/lauronicolas/curso-go/Clean-Arch-APP/internal/infra/graph/generated.go:626.17,627.54 1 0
github.com/lauronicolas/curso-go/Clean-Arch-APP/internal/infra/graph/generated.go:628.21,629.58 1 0
github.com/lauronicolas/curso-go/Clean-Arch-APP/internal/infra/graph/generated.go:630.24,631.61 1 0
github.com/lauronicolas/curso-go/Clean-Arch-APP/internal/infra/graph/generated.go:632.28,633.65 1 0
github.com/lauronicolas/curso-go/Clean-Arch-APP/internal/infra/graph/generated.go:634.22,635.59 1 0
github.com/lauronicolas/curso-go/Clean-Arch-APP/internal/infra/graph/generated.go:637.4,637.89 1 0
github.com/lauronicolas/curso-go/Clean-Arch-APP/internal/infra/graph/generated.go:640.2,640.16 1 0
github.com/lauronicolas/curso-go/Clean-Arch-APP/internal/infra/graph/generated.go:643.152,645.16 2 0
github.com/lauronicolas/curso-go/Clean-Arch-APP/internal/infra/graph/generated.go:645.16,647.3 1 0
github.com/lauronicolas/curso-go/Clean-Arch-APP/internal/infra/graph/generated.go:648.2,649.15 2 0
github.com/lauronicolas/curso-go/Clean-Arch-APP/internal/infra/graph/generated.go:649.15,650.31 1 0
github.com/lauronicolas/curso-go/Clean-Arch-APP/internal/infra/graph/generated.go:650.31,653.4 2 0
github.com/lauronicolas/curso-go/Clean-Arch-APP/internal/infra/graph/generated.go:655.2,655.92 1 0
github.com/lauronicolas/curso-go/Clean-Arch-APP/internal/infra/graph/generated.go:655.92,658.3 2 0
github.com/lauronicolas/curso-go/Clean-Arch-APP/internal/infra/graph/generated.go:659.2,659.16 1 0
github.com/lauronicolas/curso-go/Clean-Arch-APP/internal/infra/graph/generated.go:659.16,662.3 2 0
github.com/lauronicolas/curso-go/Clean-Arch-APP/internal/infra/graph/generated.go:663.2,663.19 1 0
github.com/lauronicolas/curso-go/Clean-Arch-APP/internal/infra/graph/generated.go:663.19,664.38 1 0
github.com/lauronicolas/curso-go/Clean-Arch-APP/internal/infra/graph/generated.go:664.38,666.4 1 0
github.com/lauronicolas/curso-go/Clean-Arch-APP/internal/infra/graph/generated.go:667.3,667.22 1 0
github.com/lauronicolas/curso-go/Clean-Arch-APP/internal/infra/graph/generated.go:669.2,671.61 3 0
github.com/lauronicolas/curso-go/Clean-Arch-APP/internal/infra/graph/generated.go:674.148,680.97 1 0
github.com/lauronicolas/curso-go/Clean-Arch-APP/internal/infra/graph/generated.go:680.97,682.4 1 0
github.com/lauronicolas/curso-go/Clean-Arch-APP/internal/infra/graph/generated.go:684.2,684.16 1 0
github.com/lauronicolas/curso-go/Clean-Arch-APP/internal/infra/graph/generated.go:687.159,689.16 2 0
github.com/lauronicolas/curso-go/Clean-Arch-APP/internal/infra/graph/generated.go:689.16,691.3 1 0
github.com/lauronicolas/curso-go/Clean-Arch-APP/internal/infra/graph/generated.go:692.2,693.15 2 0
github.com/lauronicolas/curso-go/Clean-Arch-APP/internal/infra/graph/generated.go:693.15,694.31 1 0
github.com/lauronicolas/curso-go/Clean-Arch-APP/internal/infra/graph/generated.go:694.31,697.4 2 0
github.com/lauronicolas/curso-go/Clean-Arch-APP/internal/infra/graph/generated.go:699.2,699.92 1 0
github.com/lauronicolas/curso-go/Clean-Arch-APP/internal/infra/graph/generated.go:699.92,702.3 2 0
github.com/lauronicolas/curso-go/Clean-Arch-APP/internal/infra/graph/generated.go:703.2,703.16 1 0
github.com/lauronicolas/curso-go/Clean-Arch-APP/internal/infra/graph/generated.go:703.16,706.3 2 0
github.com/lauronicolas/curso-go/Clean-Arch-APP/internal/infra/graph/generated.go:707.2,707.19 1 0
github.com/lauronicolas/curso-go/Clean-Arch-APP/internal/infra/graph/generated.go:707.19,709.3 1 0
github.com/lauronicolas/curso-go/Clean-Arch-APP/internal/infra/graph/generated.go:710.2,712.64 3 0
github.com/lauronicolas/curso-go/Clean-Arch-APP/internal/infra/graph/generated.go:715.155,721.97 1 0
github.com/lauronicolas/curso-go/Clean-Arch-APP/internal/infra/graph/generated.go:721.97,723.4 1 0
github.com/lauronicolas/curso-go/Clean-Arch-APP/internal/infra/graph/generated.go:725.2,725.16 1 0
github.com/lauronicolas/curso-go/Clean-Arch-APP/internal/infra/graph/generated.go:728.157,730.16 2 0
github.com/lauronicolas/curso-go/Clean-Arch-APP/internal/infra/graph/generated.go:730.16,732.3 1 0
github.com/lauronicolas/curso-go/Clean-Arch-APP/internal/infra/graph/generated.go:733.2,734.15 2 0
github.com/lauronicolas/curso-go/Clean-Arch-APP/internal/infra/graph/generated.go:734.15,735.31 1 0
github.com/lauronicolas/curso-go/Clean-Arch-APP/internal/infra/graph/generated.go:735.31,738.4 2 0
github.com/lauronicolas/curso-go/Clean-Arch-APP/internal/infra/graph/generated.go:740.2,740.92 1 0
github.com/lauronicolas/curso-go/Clean-Arch-APP/internal/infra/graph/generated.go:740.92,743.3 2 0
github.com/lauronicolas/curso-go/Clean-Arch-APP/internal/infra/graph/generated.go:744.2,744.16 1 0
github.com/lauronicolas/curso-go/Clean-Arch-APP/internal/infra/graph/generated.go:744.16,747.3 2 0
github.com/lauronicolas/curso-go/Clean-Arch-APP/internal/infra/graph/generated.go:748.2,748.19 1 0
github.com/lauronicolas/curso-go/Clean-Arch-APP/internal/infra/graph/generated.go:748.19,749.38 1 0
github.com/lauronicolas/curso-go/Clean-Arch-APP/internal/infra/graph/generated.go:749.38,751.4 1 0
github.com/lauronicolas/curso-go/Clean-Arch-APP/internal/infra/graph/generated.go:752.3,752.22 1 0
github.com/lauronicolas/curso-go/Clean-Arch-APP/internal/infra/graph/generated.go:754.2,756.80 3 0
github.com/lauronicolas/curso-go/Clean-Arch-APP/internal/infra/graph/generated.go:759.153,765.97 1 0
github.com/lauronicolas/curso-go/Clean-Arch-APP/internal/infra/graph/generated.go:765.97,767.4 1 0
github.com/lauronicolas/curso-go/Clean-Arch-APP/internal/infra/graph/generated.go:769.2,769.16 1 0
github.com/lauronicolas/curso-go/Clean-Arch-APP/internal/infra/graph/generated.go:772.152,774.16 2 0
github.com/lauronicolas/curso-go/Clean-Arch-APP/internal/infra/graph/generated.go:774.16,776.3 1 0
github.com/lauronicolas/curso-go/Clean-Arch-APP/internal/infra/graph/generated.go:777.2,778.15 2 0
github.com/lauronicolas/curso-go/Clean-Arch-APP/internal/infra/graph/generated.go:778.15,779.31 1 0
github.com/lauronicolas/curso-go/Clean-Arch-APP/internal/infra/graph/generated.go:779.31,782.4 2 0
github.com/lauronicolas/curso-go/Clean-Arch-APP/internal/infra/graph/generated.go:784.2,784.92 1 0
github.com/lauronicolas/curso-go/Clean-Arch-APP/internal/infra/graph/generated.go:784.92,787.3 2 0
github.com/lauronicolas/curso-go/Clean-Arch-APP/internal/infra/graph/generated.go:788.2,788.16 1 0
github.com/lauronicolas/curso-go/Clean-Arch-APP/internal/infra/graph/generated.go:788.16,791.3 2 0
github.com/lauronicolas/curso-go/Clean-Arch-APP/internal/infra/graph/generated.go:792.2,792.19 1 0
github.com/lauronicolas/curso-go/Clean-Arch-APP/internal/infra/graph/generated.go:792.19,793.38 1 0
github.com/lauronicolas/curso-go/Clean-Arch-APP/internal/infra/graph/generated.go:793.38,795.4 1 0
github.com/lauronicolas/curso-go/Clean-Arch-APP/internal/infra/graph/generated.go:796.3,796.22 1 0
github.com/lauronicolas/curso-go/Clean-Arch-APP/internal/infra/graph/generated.go:798.2,800.139 3 0
github.com/lauronicolas/curso-go/Clean-Arch-APP/internal/infra/graph/generated.go:803.148,809.97 1 0
github.com/lauronicolas/curso-go/Clean-Arch-APP/internal/infra/graph/generated.go:809.97,810.22 1 0
github.com/lauronicolas/curso-go/Clean-Arch-APP/internal/infra/graph/generated.go:811.16,812.57 1 0
github.com/lauronicolas/curso-go/Clean-Arch-APP/internal/infra/graph/generated.go:813.23,814.64 1 0
github.com/lauronicolas/curso-go/Clean-Arch-APP/internal/infra/graph/generated.go:815.16,816.57 1 0
github.com/lauronicolas/curso-go/Clean-Arch-APP/internal/infra/graph/generated.go:817.24,818.65 1 0
github.com/lauronicolas/curso-go/Clean-Arch-APP/internal/infra/graph/generated.go:820.4,820.93 1 0
github.com/lauronicolas/curso-go/Clean-Arch-APP/internal/infra/graph/generated.go:823.2,823.16 1 0
github.com/lauronicolas/curso-go/Clean-Arch-APP/internal/infra/graph/generated.go:826.160,828.16 2 0
github.com/lauronicolas/curso-go/Clean-Arch-APP/internal/infra/graph/generated.go:828.16,830.3 1 0
github.com/lauronicolas/curso-go/Clean-Arch-APP/internal/infra/graph/generated.go:831.2,832.15 2 0
github.com/lauronicolas/curso-go/Clean-Arch-APP/internal/infra/graph/generated.go:832.15,833.31 1 0
github.com/lauronicolas/curso-go/Clean-Arch-APP/internal/infra/graph/generated.go:833.31,836.4 2 0
github.com/lauronicolas/curso-go/Clean-Arch-APP/internal/infra/graph/generated.go:838.2,838.92 1 0
github.com/lauronicolas/curso-go/Clean-Arch-APP/internal/infra/graph/generated.go:838.92,841.3 2 0
github.com/lauronicolas/curso-go/Clean-Arch-APP/internal/infra/graph/generated.go:842.2,842.16 1 0
github.com/lauronicolas/curso-go/Clean-Arch-APP/internal/infra/graph/generated.go:842.16,845.3 2 0
github.com/lauronicolas/curso-go/Clean-Arch-APP/internal/infra/graph/generated.go:846.2,846.19 1 0
github.com/lauronicolas/curso-go/Clean-Arch-APP/internal/infra/graph/generated.go:846.19,847.38 1 0
github.com/lauronicolas/curso-go/Clean-Arch-APP/internal/infra/graph/generated.go:847.38,849.4 1 0
github.com/lauronicolas/curso-go/Clean-Arch-APP/internal/infra/graph/generated.go:850.3,850.22 1 0
github.com/lauronicolas/curso-go/Clean-Arch-APP/internal/infra/graph/generated.go:852.2,854.60 3 0
github.com/lauronicolas/curso-go/Clean-Arch-APP/internal/infra/graph/generated.go:857.156,863.97 1 0
github.com/lauronicolas/curso-go/Clean-Arch-APP/internal/infra/graph/generated.go:863.97,865.4 1 0
github.com/lauronicolas/curso-go/Clean-Arch-APP/internal/infra/graph/generated.go:867.2,867.16 1 0
github.com/lauronicolas/curso-go/Clean-Arch-APP/internal/infra/graph/generated.go:870.152,872.16 2 0
github.com/lauronicolas/curso-go/Clean-Arch-APP/internal/infra/graph/generated.go:872.16,874.3 1 0
github.com/lauronicolas/curso-go/Clean-Arch-APP/internal/infra/graph/generated.go:875.2,876.15 2 0
github.com/lauronicolas/curso-go/Clean-Arch-APP/internal/infra/graph/generated.go:876.15,877.31 1 0
github.com/lauronicolas/curso-go/Clean-Arch-APP/internal/infra/graph/generated.go:877.31,880.4 2 0
github.com/lauronicolas/curso-go/Clean-Arch-APP/internal/infra/graph/generated.go:882.2,882.92 1 0
github.com/lauronicolas/curso-go/Clean-Arch-APP/internal/infra/graph/generated.go:882.92,885.3 2 0
github.com/lauronicolas/curso-go/Clean-Arch-APP/internal/infra/graph/generated.go:886.2,886.16 1 0
github.com/lauronicolas/curso-go/Clean-Arch-APP/internal/infra/graph/generated.go:886.16,889.3 2 0
github.com/lauronicolas/curso-go/Clean-Arch-APP/internal/infra/graph/generated.go:890.2,890.19 1 0
github.com/lauronicolas/curso-go/Clean-Arch-APP/internal/infra/graph/generated.go:890.19,891.38 1 0
github.com/lauronicolas/curso-go/Clean-Arch-APP/internal/infra/graph/generated.go:891.38,893.4 1 0
github.com/lauronicolas/curso-go/Clean-Arch-APP/internal/infra/graph/generated.go:894.3,894.22 1 0
github.com/lauronicolas/curso-go/Clean-Arch-APP/internal/infra/graph/generated.go:896.2,898.61 3 0
github.com/lauronicolas/curso-go/Clean-Arch-APP/internal/infra/graph/generated.go:901.148,907.97 1 0
github.com/lauronicolas/curso-go/Clean-Arch-APP/internal/infra/graph/generated.go:907.97,909.4 1 0
github.com/lauronicolas/curso-go/Clean-Arch-APP/internal/infra/graph/generated.go:911.2,911.16 1 0
github.com/lauronicolas/curso-go/Clean-Arch-APP/internal/infra/graph/generated.go:914.159,916.16 2 0
github.com/lauronicolas/curso-go/Clean-Arch-APP/internal/infra/graph/generated.go:916.16,918.3 1 0
github.com/lauronicolas/curso-go/Clean-Arch-APP/internal/infra/graph/generated.go:919.2,920.15 2 0
github.com/lauronicolas/curso-go/Clean-Arch-APP/internal/infra/graph/generated.go:920.15,921.31 1 0
github.com/lauronicolas/curso-go/Clean-Arch-APP/internal/infra/graph/generated.go:921.31,924.4 2 0
github.com/lauronicolas/curso-go/Clean-Arch-APP/internal/infra/graph/generated.go:926.2,926.92 1 0
github.com/lauronicolas/curso-go/Clean-Arch-APP/internal/infra/graph/generated.go:926.92,929.3 2 0
github.com/lauronicolas/curso-go/Clean-Arch-APP/internal/infra/graph/generated.go:930.2,930.16 1 0
github.com/lauronicolas/curso-go/Clean-Arch-APP/internal/infra/graph/generated.go:930.16,933.3 2 0
github.com/lauronicolas/curso-go/Clean-Arch-APP/internal/infra/graph/generated.go:934.2,934.19 1 0
github.com/lauronicolas/curso-go/Clean-Arch-APP/internal/infra/graph/generated.go:934.19,936.3 1 0
github.com/lauronicolas/curso-go/Clean-Arch-APP/internal/infra/graph/generated.go:937.2,939.64 3 0
github.com/lauronicolas/curso-go/Clean-Arch-APP/internal/infra/graph/generated.go:942.155,948.97 1 0
github.com/lauronicolas/curso-go/Clean-Arch-APP/internal/infra/graph/generated.go:948.97,950.4 1 0
github.com/lauronicolas/curso-go/Clean-Arch-APP/internal/infra/graph/generated.go:952.2,952.16 1 0
github.com/lauronicolas/curso-go/Clean-Arch-APP/internal/infra/graph/generated.go:955.160,957.16 2 0
github.com/lauronicolas/curso-go/Clean-Arch-APP/internal/infra/graph/generated.go:957.16,959.3 1 0
github.com/lauronicolas/curso-go/Clean-Arch-APP/internal/infra/graph/generated.go:960.2,961.15 2 0
github.com/lauronicolas/curso-go/Clean-Arch-APP/internal/infra/graph/generated.go:961.15,962.31 1 0
github.com/lauronicolas/curso-go/Clean-Arch-APP/internal/infra/graph/generated.go:962.31,965.4 2 0
github.com/lauronicolas/curso-go/Clean-Arch-APP/internal/infra/graph/generated.go:967.2,967.92 1 0
github.com/lauronicolas/curso-go/Clean-Arch-APP/internal/infra/graph/generated.go:967.92,970.3 2 0
github.com/lauronicolas/curso-go/Clean-Arch-APP/internal/infra/graph/generated.go:971.2,971.16 1 0
github.com/lauronicolas/curso-go/Clean-Arch-APP/internal/infra/graph/generated.go:971.16,974.3 2 0
github.com/lauronicolas/curso-go/Clean-Arch-APP/internal/infra/graph/generated.go:975.2,975.19 1 0
github.com/lauronicolas/curso-go/Clean-Arch-APP/internal/infra/graph/generated.go:975.19,976.38 1 0
github.com/lauronicolas/curso-go/Clean-Arch-APP/internal/infra/graph/generated.go:976.38,978.4 1 0
github.com/lauronicolas/curso-go/Clean-Arch-APP/internal/infra/graph/generated.go:979.3,979.22 1 0
github.com/lauronicolas/curso-go/Clean-Arch-APP/internal/infra/graph/generated.go:981.2,983.60 3 0
github.com/lauronicolas/curso-go/Clean-Arch-APP/internal/infra/graph/generated.go:986.156,992.97 1 0
github.com/lauronicolas/curso-go/Clean-Arch-APP/internal/infra/graph/generated.go:992.97,994.4 1 0
github.com/lauronicolas/curso-go/Clean-Arch-APP/internal/infra/graph/generated.go:996.2,996.16 1 0
github.com/lauronicolas/curso-go/Clean-Arch-APP/internal/infra/graph/generated.go:999.165,1001.16 2 0
github.com/lauronicolas/curso-go/Clean-Arch-APP/internal/infra/graph/generated.go:1001.16,1003.3 1 0
github.com/lauronicolas/curso-go/Clean-Arch-APP/internal/infra/graph/generated.go:1004.2,1005.15 2 0
github.com/lauronicolas/curso-go/Clean-Arch-APP/internal/infra/graph/generated.go:1005.15,1006.31 1 0
github.com/lauronicolas/curso-go/Clean-Arch-APP/internal/infra/graph/generated.go:1006.31,1009.4 2 0
github.com/lauronicolas/curso-go/Clean-Arch-APP/internal/infra/graph/generated.go:1011.2,1011.92 1 0
github.com/lauronicolas/curso-go/Clean-Arch-APP/internal/infra/graph/generated.go:1011.92,1014.3 2 0
github.com/lauronicolas/curso-go/Clean-Arch-APP/internal/infra/graph/generated.go:1015.2,1015.16 1 0
github.com/lauronicolas/curso-go/Clean-Arch-APP/internal/infra/graph/generated.go:1015.16,1018.3 2 0
github.com/lauronicolas/curso-go/Clean-Arch-APP/internal/infra/graph/generated.go:1019.2,1019.19 1 0
github.com/lauronicolas/curso-go/Clean-Arch-APP/internal/infra/graph/generated.go:1019.19,1021.3 1 0
github.com/lauronicolas/curso-go/Clean-Arch-APP/internal/infra/graph/generated.go:1022.2,1024.64 3 0
github.com/lauronicolas/curso-go/Clean-Arch-APP/internal/infra/graph/generated.go:1027.161,1033.97 1 0
github.com/lauronicolas/curso-go/Clean-Arch-APP/internal/infra/graph/generated.go:1033.97,1035.4 1 0
github.com/lauronicolas/curso-go/Clean-Arch-APP/internal/infra/graph/generated.go:1037.2,1037.16 1 0
github.com/lauronicolas/curso-go/Clean-Arch-APP/internal/infra/graph/generated.go:1040.144,1042.16 2 0
github.com/lauronicolas/curso-go/Clean-Arch-APP/internal/infra/graph/generated.go:1042.16,1044.3 1 0
github.com/lauronicolas/curso-go/Clean-Arch-APP/internal/infra/graph/generated.go:1045.2,1046.15 2 0
github.com/lauronicolas/curso-go/Clean-Arch-APP/internal/infra/graph/generated.go:1046.15,1047.31 1 0
github.com/lauronicolas/curso-go/Clean-Arch-APP/internal/infra/graph/generated.go:1047.31,1050.4 2 0
github.com/lauronicolas/curso-go/Clean-Arch-APP/internal/infra/graph/generated.go:1052.2,1052.92 1 0
github.com/lauronicolas/curso-go/Clean-Arch-APP/internal/infra/graph/generated.go:1052.92,1055.3 2 0
github.com/lauronicolas/curso-go/Clean-Arch-APP/internal/infra/graph/generated.go:1056.2,1056.16 1 0
github.com/lauronicolas/curso-go/Clean-Arch-APP/internal/infra/graph/generated.go:1056.16,1059.3 2 0
github.com/lauronicolas/curso-go/Clean-Arch-APP/internal/infra/graph/generated.go:1060.2,1060.19 1 0
github.com/lauronicolas/curso-go/Clean-Arch-APP/internal/infra/graph/generated.go:1060.19,1061.38 1 0
github.com/lauronicolas/curso-go/Clean-Arch-APP/internal/infra/graph/generated.go:1061.38,1063.4 1 0
github.com/lauronicolas/curso-go/Clean-Arch-APP/internal/infra/graph/generated.go:1064.3,1064.22 1 0
github.com/lauronicolas/curso-go/Clean-Arch-APP/internal/infra/graph/generated.go:1066.2,1068.61 3 0
github.com/lauronicolas/curso-go/Clean-Arch-APP/internal/infra/graph/generated.go:1071.144,1077.97 1 0
github.com/lauronicolas/curso-go/Clean-Arch-APP/internal/infra/graph/generated.go:1077.97,1079.4 1 0
github.com/lauronicolas/curso-go/Clean-Arch-APP/internal/infra/graph/generated.go:1081.2,1081.16 1 0
github.com/lauronicolas/curso-go/Clean-Arch-APP/internal/infra/graph/generated.go:1084.151,1086.16 2 0
github.com/lauronicolas/curso-go/Clean-Arch-APP/internal/infra/graph/generated.go:1086.16,1088.3 1 0
github.com/lauronicolas/curso-go/Clean-Arch-APP/internal/infra/graph/generated.go:1089.2,1090.15 2 0
github.com/lauronicolas/curso-go/Clean-Arch-APP/internal/infra/graph/generated.go:1090.15,1091.31 1 0
github.com/lauronicolas/curso-go/Clean-Arch-APP/internal/infra/graph/generated.go:1091.31,1094.4 2 0
github.com/lauronicolas/curso-go/Clean-Arch-APP/internal/infra/graph/generated.go:1096.2,1096.92 1 0
github.com/lauronicolas/curso-go/Clean-Arch-APP/internal/infra/graph/generated.go:1096.92,1099.3 2 0
github.com/lauronicolas/curso-go/Clean-Arch-APP/internal/infra/graph/generated.go:1100.2,1100.16 1 0
github.com/lauronicolas/curso-go/Clean-Arch-APP/internal/infra/graph/generated.go:1100.16,1103.3 2 0
github.com/lauronicolas/curso-go/Clean-Arch-APP/internal/infra/graph/generated.go:1104.2,1104.19 1 0
github.com/lauronicolas/curso-go/Clean-Arch-APP/internal/infra/graph/generated.go:1104.19,1106.3 1 0
github.com/lauronicolas/curso-go/Clean-Arch-APP/internal/infra/graph/generated.go:1107.2,1109.64 3 0
github.com/lauronicolas/curso-go/Clean-Arch-APP/internal/infra/graph/generated.go:1112.151,1118.97 1 0
github.com/lauronicolas/curso-go/Clean-Arch-APP/internal/infra/graph/generated.go:1118.97,1120.4 1 0
github.com/lauronicolas/curso-go/Clean-Arch-APP/internal/infra/graph/generated.go:1122.2,1122.16 1 0
github.com/lauronicolas/curso-go/Clean-Arch-APP/internal/infra/graph/generated.go:1125.144,1127.16 2 0
github.com/lauronicolas/curso-go/Clean-Arch-APP/internal/infra/graph/generated.go:1127.16,1129.3 1 0
github.com/lauronicolas/curso-go/Clean-Arch-APP/internal/infra/graph/generated.go:1130.2,1131.15 2 0
github.com/lauronicolas/curso-go/Clean-Arch-APP/internal/infra/graph/generated.go:1131.15,1132.31 1 0
github.com/lauronicolas/curso-go/Clean-Arch-APP/internal/infra/graph/generated.go:1132.31,1135.4 2 0
github.com/lauronicolas/curso-go/Clean-Arch-APP/internal/infra/graph/generated.go:1137.2,1137.92 1 0
github.com/lauronicolas/curso-go/Clean-Arch-APP/internal/infra/graph/generated.go:1137.92,1140.3 2 0
github.com/lauronicolas/curso-go/Clean-Arch-APP/internal/infra/graph/generated.go:1141.2,1141.16 1 0
github.com/lauronicolas/curso-go/Clean-Arch-APP/internal/infra/graph/generated.go:1141.16,1144.3 2 0
github.com/lauronicolas/curso-go/Clean-Arch-APP/internal/infra/graph/generated.go:1145.2,1145.19 1 0
github.com/lauronicolas/curso-go/Clean-Arch-APP/internal/infra/graph/generated.go:1145.19,1146.38 1 0
github.com/lauronicolas/curso-go/Clean-Arch-APP/internal/infra/graph/generated.go:1146.38,1148.4 1 0
github.com/lauronicolas/curso-go/Clean-Arch-APP/internal/infra/graph/generated.go:1149.3,1149.22 1 0
github.com/lauronicolas/curso-go/Clean-Arch-APP/internal/infra/graph/generated.go:1151.2,1153.139 3 0
github.com/lauronicolas/curso-go/Clean-Arch-APP/internal/infra/graph/generated.go:1156.144,1162.97 1 0
github.com/lauronicolas/curso-go/Clean-Arch-APP/internal/infra/graph/generated.go:1162.97,1163.22 1 0
github.com/lauronicolas/curso-go/Clean-Arch-APP/internal/infra/graph/generated.go:1164.16,1165.57 1 0
github.com/lauronicolas/curso-go/Clean-Arch-APP/internal/infra/graph/generated.go:1166.23,1167.64 1 0
github.com/lauronicolas/curso-go/Clean-Arch-APP/internal/infra/graph/generated.go:1168.16,1169.57 1 0
github.com/lauronicolas/curso-go/Clean-Arch-APP/internal/infra/graph/generated.go:1170.24,1171.65 1 0
github.com/lauronicolas/curso-go/Clean-Arch-APP/internal/infra/graph/generated.go:1173.4,1173.93 1 0
github.com/lauronicolas/curso-go/Clean-Arch-APP/internal/infra/graph/generated.go:1176.2,1176.16 1 0
github.com/lauronicolas/curso-go/Clean-Arch-APP/internal/infra/graph/generated.go:1179.144,1181.16 2 0
github.com/lauronicolas/curso-go/Clean-Arch-APP/internal/infra/graph/generated.go:1181.16,1183.3 1 0
github.com/lauronicolas/curso-go/Clean-Arch-APP/internal/infra/graph/generated.go:1184.2,1185.15 2 0
github.com/lauronicolas/curso-go/Clean-Arch-APP/internal/infra/graph/generated.go:1185.15,1186.31 1 0
github.com/lauronicolas/curso-go/Clean-Arch-APP/internal/infra/graph/generated.go:1186.31,1189.4 2 0
github.com/lauronicolas/curso-go/Clean-Arch-APP/internal/infra/graph/generated.go:1191.2,1191.92 1 0
github.com/lauronicolas/curso-go/Clean-Arch-APP/internal/infra/graph/generated.go:1191.92,1194.3 2 0
github.com/lauronicolas/curso-go/Clean-Arch-APP/internal/infra/graph/generated.go:1195.2,1195.16 1 0
github.com/lauronicolas/curso-go/Clean-Arch-APP/internal/infra/graph/generated.go:1195.16,1198.3 2 0
github.com/lauronicolas/curso-go/Clean-Arch-APP/internal/infra/graph/generated.go:1199.2,1199.19 1 0
github.com/lauronicolas/curso-go/Clean-Arch-APP/internal/infra/graph/generated.go:1199.19,1200.38 1 0
github.com/lauronicolas/curso-go/Clean-Arch-APP/internal/infra/graph/generated.go:1200.38,1202.4 1 0
github.com/lauronicolas/curso-go/Clean-Arch-APP/internal/infra/graph/generated.go:1203.3,1203.22 1 0
github.com/lauronicolas/curso-go/Clean-Arch-APP/internal/infra/graph/generated.go:1205.2,1207.124 3 0
github.com/lauronicolas/curso-go/Clean-Arch-APP/internal/infra/graph/generated.go:1210.144,1216.97 1 0
github.com/lauronicolas/curso-go/Clean-Arch-APP/internal/infra/graph/generated.go:1216.97,1217.22 1 0
github.com/lauronicolas/curso-go/Clean-Arch-APP/internal/infra/graph/generated.go:1218.16,1219.51 1 0
github.com/lauronicolas/curso-go/Clean-Arch-APP/internal/infra/graph/generated.go:1220.16,1221.51 1 0
github.com/lauronicolas/curso-go/Clean-Arch-APP/internal/infra/graph/generated.go:1222.23,1223.58 1 0
github.com/lauronicolas/curso-go/Clean-Arch-APP/internal/infra/graph/generated.go:1224.18,1225.53 1 0
github.com/lauronicolas/curso-go/Clean-Arch-APP/internal/infra/graph/generated.go:1226.22,1227.57 1 0
github.com/lauronicolas/curso-go/Clean-Arch-APP/internal/infra/graph/generated.go:1228.25,1229.60 1 0
github.com/lauronicolas/curso-go/Clean-Arch-APP/internal/infra/graph/generated.go:1230.22,1231.57 1 0
github.com/lauronicolas/curso-go/Clean-Arch-APP/internal/infra/graph/generated.go:1232.23,1233.58 1 0
github.com/lauronicolas/curso-go/Clean-Arch-APP/internal/infra/graph/generated.go:1234.18,1235.53 1 0
github.com/lauronicolas/curso-go/Clean-Arch-APP/internal/infra/graph/generated.go:1236.26,1237.61 1 0
github.com/lauronicolas/curso-go/Clean-Arch-APP/internal/infra/graph/generated.go:1239.4,1239.87 1 0
github.com/lauronicolas/curso-go/Clean-Arch-APP/internal/infra/graph/generated.go:1242.2,1242.16 1 0
github.com/lauronicolas/curso-go/Clean-Arch-APP/internal/infra/graph/generated.go:1245.152,1247.16 2 0
github.com/lauronicolas/curso-go/Clean-Arch-APP/internal/infra/graph/generated.go:1247.16,1249.3 1 0
github.com/lauronicolas/curso-go/Clean-Arch-APP/internal/infra/graph/generated.go:1250.2,1251.15 2 0
github.com/lauronicolas/curso-go/Clean-Arch-APP/internal/infra/graph/generated.go:1251.15,1252.31 1 0
github.com/lauronicolas/curso-go/Clean-Arch-APP/internal/infra/graph/generated.go:1252.31,1255.4 2 0
github.com/lauronicolas/curso-go/Clean-Arch-APP/internal/infra/graph/generated.go:1257.2,1257.92 1 0
github.com/lauronicolas/curso-go/Clean-Arch-APP/internal/infra/graph/generated.go:1257.92,1260.3 2 0
github.com/lauronicolas/curso-go/Clean-Arch-APP/internal/infra/graph/generated.go:1261.2,1261.16 1 0
github.com/lauronicolas/curso-go/Clean-Arch-APP/internal/infra/graph/generated.go:1261.16,1264.3 2 0
github.com/lauronicolas/curso-go/Clean-Arch-APP/internal/infra/graph/generated.go:1265.2,1265.19 1 0
github.com/lauronicolas/curso-go/Clean-Arch-APP/internal/infra/graph/generated.go:1265.19,1266.38 1 0
github.com/lauronicolas/curso-go/Clean-Arch-APP/internal/infra/graph/generated.go:1266.38,1268.4 1 0
github.com/lauronicolas/curso-go/Clean-Arch-APP/internal/infra/graph/generated.go:1269.3,1269.22 1 0
github.com/lauronicolas/curso-go/Clean-Arch-APP/internal/infra/graph/generated.go:1271.2,1273.60 3 0
github.com/lauronicolas/curso-go/Clean-Arch-APP/internal/infra/graph/generated.go:1276.152,1282.97 1 0
github.com/lauronicolas/curso-go/Clean-Arch-APP/internal/infra/graph/generated.go:1282.97,1284.4 1 0
github.com/lauronicolas/curso-go/Clean-Arch-APP/internal/infra/graph/generated.go:1286.2,1286.16 1 0
github.com/lauronicolas/curso-go/Clean-Arch-APP/internal/infra/graph/generated.go:1289.157,1291.16 2 0
github.com/lauronicolas/curso-go/Clean-Arch-APP/internal/infra/graph/generated.go:1291.16,1293.3 1 0
github.com/lauronicolas/curso-go/Clean-Arch-APP/internal/infra/graph/generated.go:1294.2,1295.15 2 0
github.com/lauronicolas/curso-go/Clean-Arch-APP/internal/infra/graph/generated.go:1295.15,1296.31 1 0
github.com/lauronicolas/curso-go/Clean-Arch-APP/internal/infra/graph/generated.go:1296.31,1299.4 2 0
github.com/lauronicolas/curso-go/Clean-Arch-APP/internal/infra/graph/generated.go:1301.2,1301.92 1 0
github.com/lauronicolas/curso-go/Clean-Arch-APP/internal/infra/graph/generated.go:1301.92,1304.3 2 0
github.com/lauronicolas/curso-go/Clean-Arch-APP/internal/infra/graph/generated.go:1305.2,1305.16 1 0
github.com/lauronicolas/curso-go/Clean-Arch-APP/internal/infra/graph/generated.go:1305.16,1308.3 2 0
github.com/lauronicolas/curso-go/Clean-Arch-APP/internal/infra/graph/generated.go:1309.2,1309.19 1 0
github.com/lauronicolas/curso-go/Clean-Arch-APP/internal/infra/graph/generated.go:1309.19,1311.3 1 0
github.com/lauronicolas/curso-go/Clean-Arch-APP/internal/infra/graph/generated.go:1312.2,1314.64 3 0
github.com/lauronicolas/curso-go/Clean-Arch-APP/internal/infra/graph/generated.go:1317.157,1323.97 1 0
github.com/lauronicolas/curso-go/Clean-Arch-APP/internal/infra/graph/generated.go:1323.97,1325.4 1 0
github.com/lauronicolas/curso-go/Clean-Arch-APP/internal/infra/graph/generated.go:1327.2,1327.16 1 0
github.com/lauronicolas/curso-go/Clean-Arch-APP/internal/infra/graph/generated.go:1330.154,1332.16 2 0
github.com/lauronicolas/curso-go/Clean-Arch-APP/internal/infra/graph/generated.go:1332.16,1334.3 1 0
github.com/lauronicolas/curso-go/Clean-Arch-APP/internal/infra/graph/generated.go:1335.2,1336.15 2 0
github.com/lauronicolas/curso-go/Clean-Arch-APP/internal/infra/graph/generated.go:1336.15,1337.31 1 0
github.com/lauronicolas/curso-go/Clean-Arch-APP/internal/infra/graph/generated.go:1337.31,1340.4 2 0
github.com/lauronicolas/curso-go/Clean-Arch-APP/internal/infra/graph/generated.go:1342.2,1342.92 1 0
github.com/lauronicolas/curso-go/Clean-Arch-APP/internal/infra/graph/generated.go:1342.92,1345.3 2 0
github.com/lauronicolas/curso-go/Clean-Arch-APP/internal/infra/graph/generated.go:1346.2,1346.16 1 0
github.com/lauronicolas/curso-go/Clean-Arch-APP/internal/infra/graph/generated.go:1346.16,1349.3 2 0
github.com/lauronicolas/curso-go/Clean-Arch-APP/internal/infra/graph/generated.go:1350.2,1350.19 1 0
github.com/lauronicolas/curso-go/Clean-Arch-APP/internal/infra/graph/generated.go:1350.19,1351.38 1 0
github.com/lauronicolas/curso-go/Clean-Arch-APP/internal/infra/graph/generated.go:1351.38,1353.4 1 0
github.com/lauronicolas/curso-go/Clean-Arch-APP/internal/infra/graph/generated.go:1354.3,1354.22 1 0
github.com/lauronicolas/curso-go/Clean-Arch-APP/internal/infra/graph/generated.go:1356.2,1358.61 3 0
github.com/lauronicolas/curso-go/Clean-Arch-APP/internal/infra/graph/generated.go:1361.149,1367.97 1 0
github.com/lauronicolas/curso-go/Clean-Arch-APP/internal/infra/graph/generated.go:1367.97,1369.4 1 0
github.com/lauronicolas/curso-go/Clean-Arch-APP/internal/infra/graph/generated.go:1371.2,1371.16 1 0
github.com/lauronicolas/curso-go/Clean-Arch-APP/internal/infra/graph/generated.go:1374.161,1376.16 2 0
github.com/lauronicolas/curso-go/Clean-Arch-APP/internal/infra/graph/generated.go:1376.16,1378.3 1 0
github.com/lauronicolas/curso-go/Clean-Arch-APP/internal/infra/graph/generated.go:1379.2,1380.15 2 0
github.com/lauronicolas/curso-go/Clean-Arch-APP/internal/infra/graph/generated.go:1380.15,1381.31 1 0
github.com/lauronicolas/curso-go/Clean-Arch-APP/internal/infra/graph/generated.go:1381.31,1384.4 2 0
github.com/lauronicolas/curso-go/Clean-Arch-APP/internal/infra/graph/generated.go:1386.2,1386.92 1 0
github.com/lauronicolas/curso-go/Clean-Arch-APP/internal/infra/graph/generated.go:1386.92,1389.3 2 0
github.com/lauronicolas/curso-go/Clean-Arch-APP/internal/infra/graph/generated.go:1390.2,1390.16 1 0
github.com/lauronicolas/curso-go/Clean-Arch-APP/internal/infra/graph/generated.go:1390.16,1393.3 2 0
github.com/lauronicolas/curso-go/Clean-Arch-APP/internal/infra/graph/generated.go:1394.2,1394.19 1 0
github.com/lauronicolas/curso-go/Clean-Arch-APP/internal/infra/graph/generated.go:1394.19,1396.3 1 0
github.com/lauronicolas/curso-go/Clean-Arch-APP/internal/infra/graph/generated.go:1397.2,1399.64 3 0
github.com/lauronicolas/curso-go/Clean-Arch-APP/internal/infra/graph/generated.go:1402.156,1408.97 1 0
github.com/lauronicolas/curso-go/Clean-Arch-APP/internal/infra/graph/generated.go:1408.97,1410.4 1 0
github.com/lauronicolas/curso-go/Clean-Arch-APP/internal/infra/graph/generated.go:1412.2,1412.16 1 0
github.com/lauronicolas/curso-go/Clean-Arch-APP/internal/infra/graph/generated.go:1415.154,1417.16 2 0
github.com/lauronicolas/curso-go/Clean-Arch-APP/internal/infra/graph/generated.go:1417.16,1419.3 1 0
github.com/lauronicolas/curso-go/Clean-Arch-APP/internal/infra/graph/generated.go:1420.2,1421.15 2 0
github.com/lauronicolas/curso-go/Clean-Arch-APP/internal/infra/graph/generated.go:1421.15,1422.31 1 0
github.com/lauronicolas/curso-go/Clean-Arch-APP/internal/infra/graph/generated.go:1422.31,1425.4 2 0
github.com/lauronicolas/curso-go/Clean-Arch-APP/internal/infra/graph/generated.go:1427.2,1427.92 1 0
github.com/lauronicolas/curso-go/Clean-Arch-APP/internal/infra/graph/generated.go:1427.92,1430.3 2 0
github.com/lauronicolas/curso-go/Clean-Arch-APP/internal/infra/graph/generated.go:1431.2,1431.16 1 0
github.com/lauronicolas/curso-go/Clean-Arch-APP/internal/infra/graph/generated.go:1431.16,1434.3 2 0
github.com/lauronicolas/curso-go/Clean-Arch-APP/internal/infra/graph/generated.go:1435.2,1435.19 1 0
github.com/lauronicolas/curso-go/Clean-Arch-APP/internal/infra/graph/generated.go:1435.19,1436.38 1 0
github.com/lauronicolas/curso-go/Clean-Arch-APP/internal/infra/graph/generated.go:1436.38,1438.4 1 0
github.com/lauronicolas/curso-go/Clean-Arch-APP/internal/infra/graph/generated.go:1439.3,1439.22 1 0
github.com/lauronicolas/curso-go/Clean-Arch-APP/internal/infra/graph/generated.go:1441.2,1443.124 3 0
github.com/lauronicolas/curso-go/Clean-Arch-APP/internal/infra/graph/generated.go:1446.149,1452.97 1 0
github.com/lauronicolas/curso-go/Clean-Arch-APP/internal/infra/graph/generated.go:1452.97,1453.22 1 0
github.com/lauronicolas/curso-go/Clean-Arch-APP/internal/infra/graph/generated.go:1454.16,1455.51 1 0
github.com/lauronicolas/curso-go/Clean-Arch-APP/internal/infra/graph/generated.go:1456.16,1457.51 1 0
github.com/lauronicolas/curso-go/Clean-Arch-APP/internal/infra/graph/generated.go:1458.23,1459.58 1 0
github.com/lauronicolas/curso-go/Clean-Arch-APP/internal/infra/graph/generated.go:1460.18,1461.53 1 0
github.com/lauronicolas/curso-go/Clean-Arch-APP/internal/infra/graph/generated.go:1462.22,1463.57 1 0
github.com/lauronicolas/curso-go/Clean-Arch-APP/internal/infra/graph/generated.go:1464.25,1465.60 1 0
github.com/lauronicolas/curso-go/Clean-Arch-APP/internal/infra/graph/generated.go:1466.22,1467.57 1 0
github.com/lauronicolas/curso-go/Clean-Arch-APP/internal/infra/graph/generated.go:1468.23,1469.58 1 0
github.com/lauronicolas/curso-go/Clean-Arch-APP/internal/infra/graph/generated.go:1470.18,1471.53 1 0
github.com/lauronicolas/curso-go/Clean-Arch-APP/internal/infra/graph/generated.go:1472.26,1473.61 1 0
github.com/lauronicolas/curso-go/Clean-Arch-APP/internal/infra/graph/generated.go:1475.4,1475.87 1 0
github.com/lauronicolas/curso-go/Clean-Arch-APP/internal/infra/graph/generated.go:1478.2,1478.16 1 0
github.com/lauronicolas/curso-go/Clean-Arch-APP/internal/infra/graph/generated.go:1481.162,1483.16 2 0
github.com/lauronicolas/curso-go/Clean-Arch-APP/internal/infra/graph/generated.go:1483.16,1485.3 1 0
github.com/lauronicolas/curso-go/Clean-Arch-APP/internal/infra/graph/generated.go:1486.2,1487.15 2 0
github.com/lauronicolas/curso-go/Clean-Arch-APP/internal/infra/graph/generated.go:1487.15,1488.31 1 0
github.com/lauronicolas/curso-go/Clean-Arch-APP/internal/infra/graph/generated.go:1488.31,1491.4 2 0
github.com/lauronicolas/curso-go/Clean-Arch-APP/internal/infra/graph/generated.go:1493.2,1493.92 1 0
github.com/lauronicolas/curso-go/Clean-Arch-APP/internal/infra/graph/generated.go:1493.92,1496.3 2 0
github.com/lauronicolas/curso-go/Clean-Arch-APP/internal/infra/graph/generated.go:1497.2,1497.16 1 0
github.com/lauronicolas/curso-go/Clean-Arch-APP/internal/infra/graph/generated.go:1497.16,1500.3 2 0
github.com/lauronicolas/curso-go/Clean-Arch-APP/internal/infra/graph/generated.go:1501.2,1501.19 1 0
github.com/lauronicolas/curso-go/Clean-Arch-APP/internal/infra/graph/generated.go:1501.19,1503.3 1 0
github.com/lauronicolas/curso-go/Clean-Arch-APP/internal/infra/graph/generated.go:1504.2,1506.64 3 0
github.com/lauronicolas/curso-go/Clean-Arch-APP/internal/infra/graph/generated.go:1509.157,1515.97 1 0
github.com/lauronicolas/curso-go/Clean-Arch-APP/internal/infra/graph/generated.go:1515.97,1517.4 1 0
github.com/lauronicolas/curso-go/Clean-Arch-APP/internal/infra/graph/generated.go:1519.2,1519.16 1 0
github.com/lauronicolas/curso-go/Clean-Arch-APP/internal/infra/graph/generated.go:1522.153,1524.16 2 0
github.com/lauronicolas/curso-go/Clean-Arch-APP/internal/infra/graph/generated.go:1524.16,1526.3 1 0
github.com/lauronicolas/curso-go/Clean-Arch-APP/internal/infra/graph/generated.go:1527.2,1528.15 2 0
github.com/lauronicolas/curso-go/Clean-Arch-APP/internal/infra/graph/generated.go:1528.15,1529.31 1 0
github.com/lauronicolas/curso-go/Clean-Arch-APP/internal/infra/graph/generated.go:1529.31,1532.4 2 0
github.com/lauronicolas/curso-go/Clean-Arch-APP/internal/infra/graph/generated.go:1534.2,1534.92 1 0
github.com/lauronicolas/curso-go/Clean-Arch-APP/internal/infra/graph/generated.go:1534.92,1537.3 2 0
github.com/lauronicolas/curso-go/Clean-Arch-APP/internal/infra/graph/generated.go:1538.2,1538.16 1 0
github.com/lauronicolas/curso-go/Clean-Arch-APP/internal/infra/graph/generated.go:1538.16,1541.3 2 0
github.com/lauronicolas/curso-go/Clean-Arch-APP/internal/infra/graph/generated.go:1542.2,1542.19 1 0
github.com/lauronicolas/curso-go/Clean-Arch-APP/internal/infra/graph/generated.go:1542.19,1544.3 1 0
github.com/lauronicolas/curso-go/Clean-Arch-APP/internal/infra/graph/generated.go:1545.2,1547.64 3 0
github.com/lauronicolas/curso-go/Clean-Arch-APP/internal/infra/graph/generated.go:1550.152,1556.97 1 0
github.com/lauronicolas/curso-go/Clean-Arch-APP/internal/infra/graph/generated.go:1556.97,1558.4 1 0
github.com/lauronicolas/curso-go/Clean-Arch-APP/internal/infra/graph/generated.go:1560.2,1560.16 1 0
github.com/lauronicolas/curso-go/Clean-Arch-APP/internal/infra/graph/generated.go:1563.147,1565.16 2 0
github.com/lauronicolas/curso-go/Clean-Arch-APP/internal/infra/graph/generated.go:1565.16,1567.3 1 0
github.com/lauronicolas/curso-go/Clean-Arch-APP/internal/infra/graph/generated.go:1568.2,1569.15 2 0
github.com/lauronicolas/curso-go/Clean-Arch-APP/internal/infra/graph/generated.go:1569.15,1570.31 1 0
github.com/lauronicolas/curso-go/Clean-Arch-APP/internal/infra/graph/generated.go:1570.31,1573.4 2 0
github.com/lauronicolas/curso-go/Clean-Arch-APP/internal/infra/graph/generated.go:1575.2,1575.92 1 0
github.com/lauronicolas/curso-go/Clean-Arch-APP/internal/infra/graph/generated.go:1575.92,1578.3 2 0
github.com/lauronicolas/curso-go/Clean-Arch-APP/internal/infra/graph/generated.go:1579.2,1579.16 1 0
github.com/lauronicolas/curso-go/Clean-Arch-APP/internal/infra/graph/generated.go:1579.16,1582.3 2 0
github.com/lauronicolas/curso-go/Clean-Arch-APP/internal/infra/graph/generated.go:1583.2,1583.19 1 0
github.com/lauronicolas/curso-go/Clean-Arch-APP/internal/infra/graph/generated.go:1583.19,1584.38 1 0
github.com/lauronicolas/curso-go/Clean-Arch-APP/internal/infra/graph/generated.go:1584.38,1586.4 1 0
github.com/lauronicolas/curso-go/Clean-Arch-APP/internal/infra/graph/generated.go:1587.3,1587.22 1 0
github.com/lauronicolas/curso-go/Clean-Arch-APP/internal/infra/graph/generated.go:1589.2,1591.127 3 0
github.com/lauronicolas/curso-go/Clean-Arch-APP/internal/infra/graph/generated.go:1594.146,1600.97 1 0
github.com/lauronicolas/curso-go/Clean-Arch-APP/internal/infra/graph/generated.go:1600.97,1601.22 1 0
github.com/lauronicolas/curso-go/Clean-Arch-APP/internal/infra/graph/generated.go:1602.16,1603.51 1 0
github.com/lauronicolas/curso-go/Clean-Arch-APP/internal/infra/graph/generated.go:1604.16,1605.51 1 0
github.com/lauronicolas/curso-go/Clean-Arch-APP/internal/infra/graph/generated.go:1606.23,1607.58 1 0
github.com/lauronicolas/curso-go/Clean-Arch-APP/internal/infra/graph/generated.go:1608.18,1609.53 1 0
github.com/lauronicolas/curso-go/Clean-Arch-APP/internal/infra/graph/generated.go:1610.22,1611.57 1 0
github.com/lauronicolas/curso-go/Clean-Arch-APP/internal/infra/graph/generated.go:1612.25,1613.60 1 0
github.com/lauronicolas/curso-go/Clean-Arch-APP/internal/infra/graph/generated.go:1614.22,1615.57 1 0
github.com/lauronicolas/curso-go/Clean-Arch-APP/internal/infra/graph/generated.go:1616.23,1617.58 1 0
github.com/lauronicolas/curso-go/Clean-Arch-APP/internal/infra/graph/generated.go:1618.18,1619.53 1 0
github.com/lauronicolas/curso-go/Clean-Arch-APP/internal/infra/graph/generated.go:1620.26,1621.61 1 0
github.com/lauronicolas/curso-go/Clean-Arch-APP/internal/infra/graph/generated.go:1623.4,1623.87 1 0
github.com/lauronicolas/curso-go/Clean-Arch-APP/internal/infra/graph/generated.go:1626.2,1626.16 1 0
github.com/lauronicolas/curso-go/Clean-Arch-APP/internal/infra/graph/generated.go:1629.151,1631.16 2 0
github.com/lauronicolas/curso-go/Clean-Arch-APP/internal/infra/graph/generated.go:1631.16,1633.3 1 0
github.com/lauronicolas/curso-go/Clean-Arch-APP/internal/infra/graph/generated.go:1634.2,1635.15 2 0
github.com/lauronicolas/curso-go/Clean-Arch-APP/internal/infra/graph/generated.go:1635.15,1636.31 1 0
github.com/lauronicolas/curso-go/Clean-Arch-APP/internal/infra/graph/generated.go:1636.31,1639.4 2 0
github.com/lauronicolas/curso-go/Clean-Arch-APP/internal/infra/graph/generated.go:1641.2,1641.92 1 0
github.com/lauronicolas/curso-go/Clean-Arch-APP/internal/infra/graph/generated.go:1641.92,1644.3 2 0
github.com/lauronicolas/curso-go/Clean-Arch-APP/internal/infra/graph/generated.go:1645.2,1645.16 1 0
github.com/lauronicolas/curso-go/Clean-Arch-APP/internal/infra/graph/generated.go:1645.16,1648.3 2 0
github.com/lauronicolas/curso-go/Clean-Arch-APP/internal/infra/graph/generated.go:1649.2,1649.19 1 0
github.com/lauronicolas/curso-go/Clean-Arch-APP/internal/infra/graph/generated.go:1649.19,1650.38 1 0
github.com/lauronicolas/curso-go/Clean-Arch-APP/internal/infra/graph/generated.go:1650.38,1652.4 1 0
github.com/lauronicolas/curso-go/Clean-Arch-APP/internal/infra/graph/generated.go:1653.3,1653.22 1 0
github.com/lauronicolas/curso-go/Clean-Arch-APP/internal/infra/graph/generated.go:1655.2,1657.124 3 0
github.com/lauronicolas/curso-go/Clean-Arch-APP/internal/infra/graph/generated.go:1660.150,1666.97 1 0
github.com/lauronicolas/curso-go/Clean-Arch-APP/internal/infra/graph/generated.go:1666.97,1667.22 1 0
github.com/lauronicolas/curso-go/Clean-Arch-APP/internal/infra/graph/generated.go:1668.16,1669.51 1 0
github.com/lauronicolas/curso-go/Clean-Arch-APP/internal/infra/graph/generated.go:1670.16,1671.51 1 0
github.com/lauronicolas/curso-go/Clean-Arch-APP/internal/infra/graph/generated.go:1672.23,1673.58 1 0
github.com/lauronicolas/curso-go/Clean-Arch-APP/internal/infra/graph/generated.go:1674.18,1675.53 1 0
github.com/lauronicolas/curso-go/Clean-Arch-APP/internal/infra/graph/generated.go:1676.22,1677.57 1 0
github.com/lauronicolas/curso-go/Clean-Arch-APP/internal/infra/graph/generated.go:1678.25,1679.60 1 0
github.com/lauronicolas/curso-go/Clean-Arch-APP/internal/infra/graph/generated.go:1680.22,1681.57 1 0
github.com/lauronicolas/curso-go/Clean-Arch-APP/internal/infra/graph/generated.go:1682.23,1683.58 1 0
github.com/lauronicolas/curso-go/Clean-Arch-APP/internal/infra/graph/generated.go:1684.18,1685.53 1 0
github.com/lauronicolas/curso-go/Clean-Arch-APP/internal/infra/graph/generated.go:1686.26,1687.61 1 0
github.com/lauronicolas/curso-go/Clean-Arch-APP/internal/infra/graph/generated.go:1689.4,1689.87 1 0
github.com/lauronicolas/curso-go/Clean-Arch-APP/internal/infra/graph/generated.go:1692.2,1692.16 1 0
github.com/lauronicolas/curso-go/Clean-Arch-APP/internal/infra/graph/generated.go:1695.154,1697.16 2 0
github.com/lauronicolas/curso-go/Clean-Arch-APP/internal/infra/graph/generated.go:1697.16,1699.3 1 0
github.com/lauronicolas/curso-go/Clean-Arch-APP/internal/infra/graph/generated.go:1700.2,1701.15 2 0
github.com/lauronicolas/curso-go/Clean-Arch-APP/internal/infra/graph/generated.go:1701.15,1702.31 1 0
github.com/lauronicolas/curso-go/Clean-Arch-APP/internal/infra/graph/generated.go:1702.31,1705.4 2 0
github.com/lauronicolas/curso-go/Clean-Arch-APP/internal/infra/graph/generated.go:1707.2,1707.92 1 0
github.com/lauronicolas/curso-go/Clean-Arch-APP/internal/infra/graph/generated.go:1707.92,1710.3 2 0
github.com/lauronicolas/curso-go/Clean-Arch-APP/internal/infra/graph/generated.go:1711.2,1711.16 1 0
github.com/lauronicolas/curso-go/Clean-Arch-APP/internal/infra/graph/generated.go:1711.16,1714.3 2 0
github.com/lauronicolas/curso-go/Clean-Arch-APP/internal/infra/graph/generated.go:1715.2,1715.19 1 0
github.com/lauronicolas/curso-go/Clean-Arch-APP/internal/infra/graph/generated.go:1715.19,1717.3 1 0
github.com/lauronicolas/curso-go/Clean-Arch-APP/internal/infra/graph/generated.go:1718.2,1720.124 3 0
github.com/lauronicolas/curso-go/Clean-Arch-APP/internal/infra/graph/generated.go:1723.153,1729.97 1 0
github.com/lauronicolas/curso-go/Clean-Arch-APP/internal/infra/graph/generated.go:1729.97,1730.22 1 0
github.com/lauronicolas/curso-go/Clean-Arch-APP/internal/infra/graph/generated.go:1731.16,1732.51 1 0
github.com/lauronicolas/curso-go/Clean-Arch-APP/internal/infra/graph/generated.go:1733.16,1734.51 1 0
github.com/lauronicolas/curso-go/Clean-Arch-APP/internal/infra/graph/generated.go:1735.23,1736.58 1 0
github.com/lauronicolas/curso-go/Clean-Arch-APP/internal/infra/graph/generated.go:1737.18,1738.53 1 0
github.com/lauronicolas/curso-go/Clean-Arch-APP/internal/infra/graph/generated.go:1739.22,1740.57 1 0
github.com/lauronicolas/curso-go/Clean-Arch-APP/internal/infra/graph/generated.go:1741.25,1742.60 1 0
github.com/lauronicolas/curso-go/Clean-Arch-APP/internal/infra/graph/generated.go:1743.22,1744.57 1 0
github.com/lauronicolas/curso-go/Clean-Arch-APP/internal/infra/graph/generated.go:1745.23,1746.58 1 0
github.com/lauronicolas/curso-go/Clean-Arch-APP/internal/infra/graph/generated.go:1747.18,1748.53 1 0
github.com/lauronicolas/curso-go/Clean-Arch-APP/internal/infra/graph/generated.go:1749.26,1750.61 1 0
github.com/lauronicolas/curso-go/Clean-Arch-APP/internal/infra/graph/generated.go:1752.4,1752.87 1 0
github.com/lauronicolas/curso-go/Clean-Arch-APP/internal/infra/graph/generated.go:1755.2,1755.16 1 0
github.com/lauronicolas/curso-go/Clean-Arch-APP/internal/infra/graph/generated.go:1758.158,1760.16 2 0
github.com/lauronicolas/curso-go/Clean-Arch-APP/internal/infra/graph/generated.go:1760.16,1762.3 1 0
github.com/lauronicolas/curso-go/Clean-Arch-APP/internal/infra/graph/generated.go:1763.2,1764.15 2 0
github.com/lauronicolas/curso-go/Clean-Arch-APP/internal/infra/graph/generated.go:1764.15,1765.31 1 0
github.com/lauronicolas/curso-go/Clean-Arch-APP/internal/infra/graph/generated.go:1765.31,1768.4 2 0
github.com/lauronicolas/curso-go/Clean-Arch-APP/internal/infra/graph/generated.go:1770.2,1770.92 1 0
github.com/lauronicolas/curso-go/Clean-Arch-APP/internal/infra/graph/generated.go:1770.92,1773.3 2 0
github.com/lauronicolas/curso-go/Clean-Arch-APP/internal/infra/graph/generated.go:1774.2,1774.16 1 0
github.com/lauronicolas/curso-go/Clean-Arch-APP/internal/infra/graph/generated.go:1774.16,1777.3 2 0
github.com/lauronicolas/curso-go/Clean-Arch-APP/internal/infra/graph/generated.go:1778.2,1778.19 1 0
github.com/lauronicolas/curso-go/Clean-Arch-APP/internal/infra/graph/generated.go:1778.19,1780.3 1 0
github.com/lauronicolas/curso-go/Clean-Arch-APP/internal/infra/graph/generated.go:1781.2,1783.124 3 0
github.com/lauronicolas/curso-go/Clean-Arch-APP/internal/infra/graph/generated.go:1786.157,1792.97 1 0
github.com/lauronicolas/curso-go/Clean-Arch-APP/internal/infra/graph/generated.go:1792.97,1793.22 1 0
github.com/lauronicolas/curso-go/Clean-Arch-APP/internal/infra/graph/generated.go:1794.16,1795.51 1 0
github.com/lauronicolas/curso-go/Clean-Arch-APP/internal/infra/graph/generated.go:1796.16,1797.51 1 0
github.com/lauronicolas/curso-go/Clean-Arch-APP/internal/infra/graph/generated.go:1798.23,1799.58 1 0
github.com/lauronicolas/curso-go/Clean-Arch-APP/internal/infra/graph/generated.go:1800.18,1801.53 1 0
github.com/lauronicolas/curso-go/Clean-Arch-APP/internal/infra/graph/generated.go:1802.22,1803.57 1 0
github.com/lauronicolas/curso-go/Clean-Arch-APP/internal/infra/graph/generated.go:1804.25,1805.60 1 0
github.com/lauronicolas/curso-go/Clean-Arch-APP/internal/infra/graph/generated.go:1806.22,1807.57 1 0
github.com/lauronicolas/curso-go/Clean-Arch-APP/internal/infra/graph/generated.go:1808.23,1809.58 1 0
github.com/lauronicolas/curso-go/Clean-Arch-APP/internal/infra/graph/generated.go:1810.18,1811.53 1 0
github.com/lauronicolas/curso-go/Clean-Arch-APP/internal/infra/graph/generated.go:1812.26,1813.61 1 0
github.com/lauronicolas/curso-go/Clean-Arch-APP/internal/infra/graph/generated.go:1815.4,1815.87 1 0
[...]
github.com/lauronicolas/curso-go/Clean-Arch-APP/internal/infra/graph/generated.go:3064.13,3066.4 1 0
github.com/lauronicolas/curso-go/Clean-Arch-APP/internal/infra/graph/generated.go:3066.9,3068.4 1 0
github.com/lauronicolas/curso-go/Clean-Arch-APP/internal/infra/graph/generated.go:3071.2,3073.24 2 0
github.com/lauronicolas/curso-go/Clean-Arch-APP/internal/infra/graph/generated.go:3073.24,3074.24 1 0
github.com/lauronicolas/curso-go/Clean-Arch-APP/internal/infra/graph/generated.go:3074.24,3076.4 1 0
github.com/lauronicolas/curso-go/Clean-Arch-APP/internal/infra/graph/generated.go:3079.2,3079.12 1 0
github.com/lauronicolas/curso-go/Clean-Arch-APP/internal/infra/graph/generated.go:3082.209,3084.2 1 0
github.com/lauronicolas/curso-go/Clean-Arch-APP/internal/infra/graph/generated.go:3086.197,3088.2 1 0
github.com/lauronicolas/curso-go/Clean-Arch-APP/internal/infra/graph/generated.go:3090.212,3092.2 1 0
github.com/lauronicolas/curso-go/Clean-Arch-APP/internal/infra/graph/generated.go:3094.220,3098.13 4 0
github.com/lauronicolas/curso-go/Clean-Arch-APP/internal/infra/graph/generated.go:3098.13,3100.3 1 0
github.com/lauronicolas/curso-go/Clean-Arch-APP/internal/infra/graph/generated.go:3101.2,3101.19 1 0
github.com/lauronicolas/curso-go/Clean-Arch-APP/internal/infra/graph/generated.go:3101.19,3108.20 4 0
github.com/lauronicolas/curso-go/Clean-Arch-APP/internal/infra/graph/generated.go:3108.20,3109.17 1 0
github.com/lauronicolas/curso-go/Clean-Arch-APP/internal/infra/graph/generated.go:3109.17,3110.33 1 0
github.com/lauronicolas/curso-go/Clean-Arch-APP/internal/infra/graph/generated.go:3110.33,3113.6 2 0
github.com/lauronicolas/curso-go/Clean-Arch-APP/internal/infra/graph/generated.go:3115.4,3115.15 1 0
github.com/lauronicolas/curso-go/Clean-Arch-APP/internal/infra/graph/generated.go:3115.15,3117.5 1 0
github.com/lauronicolas/curso-go/Clean-Arch-APP/internal/infra/graph/generated.go:3118.4,3118.125 1 0
github.com/lauronicolas/curso-go/Clean-Arch-APP/internal/infra/graph/generated.go:3120.3,3120.13 1 0
github.com/lauronicolas/curso-go/Clean-Arch-APP/internal/infra/graph/generated.go:3120.13,3122.4 1 0
github.com/lauronicolas/curso-go/Clean-Arch-APP/internal/infra/graph/generated.go:3122.9,3124.4 1 0
github.com/lauronicolas/curso-go/Clean-Arch-APP/internal/infra/graph/generated.go:3127.2,3129.24 2 0
github.com/lauronicolas/curso-go/Clean-Arch-APP/internal/infra/graph/generated.go:3129.24,3130.24 1 0
github.com/lauronicolas/curso-go/Clean-Arch-APP/internal/infra/graph/generated.go:3130.24,3132.4 1 0
github.com/lauronicolas/curso-go/Clean-Arch-APP/internal/infra/graph/generated.go:3135.2,3135.12 1 0
github.com/lauronicolas/curso-go/Clean-Arch-APP/internal/infra/graph/generated.go:3138.194,3140.2 1 0
github.com/lauronicolas/curso-go/Clean-Arch-APP/internal/infra/graph/generated.go:3142.202,3146.13 4 0
github.com/lauronicolas/curso-go/Clean-Arch-APP/internal/infra/graph/generated.go:3146.13,3148.3 1 0
github.com/lauronicolas/curso-go/Clean-Arch-APP/internal/infra/graph/generated.go:3149.2,3149.19 1 0
github.com/lauronicolas/curso-go/Clean-Arch-APP/internal/infra/graph/generated.go:3149.19,3156.20 4 0
github.com/lauronicolas/curso-go/Clean-Arch-APP/internal/infra/graph/generated.go:3156.20,3157.17 1 0
github.com/lauronicolas/curso-go/Clean-Arch-APP/internal/infra/graph/generated.go:3157.17,3158.33 1 0
github.com/lauronicolas/curso-go/Clean-Arch-APP/internal/infra/graph/generated.go:3158.33,3161.6 2 0
github.com/lauronicolas/curso-go/Clean-Arch-APP/internal/infra/graph/generated.go:3163.4,3163.15 1 0
github.com/lauronicolas/curso-go/Clean-Arch-APP/internal/infra/graph/generated.go:3163.15,3165.5 1 0
github.com/lauronicolas/curso-go/Clean-Arch-APP/internal/infra/graph/generated.go:3166.4,3166.113 1 0
github.com/lauronicolas/curso-go/Clean-Arch-APP/internal/infra/graph/generated.go:3168.3,3168.13 1 0
github.com/lauronicolas/curso-go/Clean-Arch-APP/internal/infra/graph/generated.go:3168.13,3170.4 1 0
github.com/lauronicolas/curso-go/Clean-Arch-APP/internal/infra/graph/generated.go:3170.9,3172.4 1 0
github.com/lauronicolas/curso-go/Clean-Arch-APP/internal/infra/graph/generated.go:3175.2,3177.24 2 0
github.com/lauronicolas/curso-go/Clean-Arch-APP/internal/infra/graph/generated.go:3177.24,3178.24 1 0
github.com/lauronicolas/curso-go/Clean-Arch-APP/internal/infra/graph/generated.go:3178.24,3180.4 1 0
github.com/lauronicolas/curso-go/Clean-Arch-APP/internal/infra/graph/generated.go:3183.2,3183.12 1 0
github.com/lauronicolas/curso-go/Clean-Arch-APP/internal/infra/graph/generated.go:3186.198,3187.14 1 0
github.com/lauronicolas/curso-go/Clean-Arch-APP/internal/infra/graph/generated.go:3187.14,3188.64 1 0
github.com/lauronicolas/curso-go/Clean-Arch-APP/internal/infra/graph/generated.go:3188.64,3190.4 1 0
github.com/lauronicolas/curso-go/Clean-Arch-APP/internal/infra/graph/generated.go:3191.3,3191.22 1 0
github.com/lauronicolas/curso-go/Clean-Arch-APP/internal/infra/graph/generated.go:3193.2,3193.32 1 0
github.com/lauronicolas/curso-go/Clean-Arch-APP/internal/infra/graph/generated.go:3196.109,3199.2 2 0
github.com/lauronicolas/curso-go/Clean-Arch-APP/internal/infra/graph/generated.go:3201.126,3203.25 2 0
github.com/lauronicolas/curso-go/Clean-Arch-APP/internal/infra/graph/generated.go:3203.25,3204.64 1 0
github.com/lauronicolas/curso-go/Clean-Arch-APP/internal/infra/graph/generated.go:3204.64,3206.4 1 0
github.com/lauronicolas/curso-go/Clean-Arch-APP/internal/infra/graph/generated.go:3208.2,3208.12 1 0
github.com/lauronicolas/curso-go/Clean-Arch-APP/internal/infra/graph/generated.go:3211.102,3214.2 2 0
github.com/lauronicolas/curso-go/Clean-Arch-APP/internal/infra/graph/generated.go:3216.119,3219.2 2 0
github.com/lauronicolas/curso-go/Clean-Arch-APP/internal/infra/graph/generated.go:3221.106,3222.14 1 0
github.com/lauronicolas/curso-go/Clean-Arch-APP/internal/infra/graph/generated.go:3222.14,3224.3 1 0
github.com/lauronicolas/curso-go/Clean-Arch-APP/internal/infra/graph/generated.go:3225.2,3226.44 2 0
github.com/lauronicolas/curso-go/Clean-Arch-APP/internal/infra/graph/generated.go:3229.123,3230.14 1 0
github.com/lauronicolas/curso-go/Clean-Arch-APP/internal/infra/graph/generated.go:3230.14,3232.3 1 0
github.com/lauronicolas/curso-go/Clean-Arch-APP/internal/infra/graph/generated.go:3233.2,3234.12 2 0
github.com/lauronicolas/curso-go/Clean-Arch-APP/internal/infra/graph/generated.go:3237.192,3238.14 1 0
github.com/lauronicolas/curso-go/Clean-Arch-APP/internal/infra/graph/generated.go:3238.14,3240.3 1 0
github.com/lauronicolas/curso-go/Clean-Arch-APP/internal/infra/graph/generated.go:3241.2,3241.31 1 0
github.com/lauronicolas/curso-go/Clean-Arch-APP/internal/infra/graph/generated.go:3244.190,3245.14 1 0
github.com/lauronicolas/curso-go/Clean-Arch-APP/internal/infra/graph/generated.go:3245.14,3247.3 1 0
github.com/lauronicolas/curso-go/Clean-Arch-APP/internal/infra/graph/generated.go:3248.2,3249.44 2 0
github.com/lauronicolas/curso-go/Clean-Arch-APP/internal/infra/graph/generated.go:3252.109,3253.14 1 0
github.com/lauronicolas/curso-go/Clean-Arch-APP/internal/infra/graph/generated.go:3253.14,3255.3 1 0
github.com/lauronicolas/curso-go/Clean-Arch-APP/internal/infra/graph/generated.go:3256.2,3257.44 2 0
github.com/lauronicolas/curso-go/Clean-Arch-APP/internal/infra/graph/generated.go:3260.126,3261.14 1 0
github.com/lauronicolas/curso-go/Clean-Arch-APP/internal/infra/graph/generated.go:3261.14,3263.3 1 0
github.com/lauronicolas/curso-go/Clean-Arch-APP/internal/infra/graph/generated.go:3264.2,3265.12 2 0
github.com/lauronicolas/curso-go/Clean-Arch-APP/internal/infra/graph/generated.go:3268.217,3269.14 1 0
github.com/lauronicolas/curso-go/Clean-Arch-APP/internal/infra/graph/generated.go:3269.14,3271.3 1 0
github.com/lauronicolas/curso-go/Clean-Arch-APP/internal/infra/graph/generated.go:3272.2,3275.13 4 0
github.com/lauronicolas/curso-go/Clean-Arch-APP/internal/infra/graph/generated.go:3275.13,3277.3 1 0
github.com/lauronicolas/curso-go/Clean-Arch-APP/internal/infra/graph/generated.go:3278.2,3278.19 1 0
github.com/lauronicolas/curso-go/Clean-Arch-APP/internal/infra/graph/generated.go:3278.19,3285.20 4 0
github.com/lauronicolas/curso-go/Clean-Arch-APP/internal/infra/graph/generated.go:3285.20,3286.17 1 0
github.com/lauronicolas/curso-go/Clean-Arch-APP/internal/infra/graph/generated.go:3286.17,3287.33 1 0
github.com/lauronicolas/curso-go/Clean-Arch-APP/internal/infra/graph/generated.go:3287.33,3290.6 2 0
github.com/lauronicolas/curso-go/Clean-Arch-APP/internal/infra/graph/generated.go:3292.4,3292.15 1 0
github.com/lauronicolas/curso-go/Clean-Arch-APP/internal/infra/graph/generated.go:3292.15,3294.5 1 0
github.com/lauronicolas/curso-go/Clean-Arch-APP/internal/infra/graph/generated.go:3295.4,3295.123 1 0
github.com/lauronicolas/curso-go/Clean-Arch-APP/internal/infra/graph/generated.go:3297.3,3297.13 1 0
github.com/lauronicolas/curso-go/Clean-Arch-APP/internal/infra/graph/generated.go:3297.13,3299.4 1 0
github.com/lauronicolas/curso-go/Clean-Arch-APP/internal/infra/graph/generated.go:3299.9,3301.4 1 0
github.com/lauronicolas/curso-go/Clean-Arch-APP/internal/infra/graph/generated.go:3304.2,3306.24 2 0
github.com/lauronicolas/curso-go/Clean-Arch-APP/internal/infra/graph/generated.go:3306.24,3307.24 1 0
github.com/lauronicolas/curso-go/Clean-Arch-APP/internal/infra/graph/generated.go:3307.24,3309.4 1 0
github.com/lauronicolas/curso-go/Clean-Arch-APP/internal/infra/graph/generated.go:3312.2,3312.12 1 0
github.com/lauronicolas/curso-go/Clean-Arch-APP/internal/infra/graph/generated.go:3315.205,3316.14 1 0
github.com/lauronicolas/curso-go/Clean-Arch-APP/internal/infra/graph/generated.go:3316.14,3318.3 1 0
github.com/lauronicolas/curso-go/Clean-Arch-APP/internal/infra/graph/generated.go:3319.2,3322.13 4 0
github.com/lauronicolas/curso-go/Clean-Arch-APP/internal/infra/graph/generated.go:3322.13,3324.3 1 0
github.com/lauronicolas/curso-go/Clean-Arch-APP/internal/infra/graph/generated.go:3325.2,3325.19 1 0
github.com/lauronicolas/curso-go/Clean-Arch-APP/internal/infra/graph/generated.go:3325.19,3332.20 4 0
github.com/lauronicolas/curso-go/Clean-Arch-APP/internal/infra/graph/generated.go:3332.20,3333.17 1 0
github.com/lauronicolas/curso-go/Clean-Arch-APP/internal/infra/graph/generated.go:3333.17,3334.33 1 0
github.com/lauronicolas/curso-go/Clean-Arch-APP/internal/infra/graph/generated.go:3334.33,3337.6 2 0
github.com/lauronicolas/curso-go/Clean-Arch-APP/internal/infra/graph/generated.go:3339.4,3339.15 1 0
github.com/lauronicolas/curso-go/Clean-Arch-APP/internal/infra/graph/generated.go:3339.15,3341.5 1 0
github.com/lauronicolas/curso-go/Clean-Arch-APP/internal/infra/graph/generated.go:3342.4,3342.115 1 0
github.com/lauronicolas/curso-go/Clean-Arch-APP/internal/infra/graph/generated.go:3344.3,3344.13 1 0
github.com/lauronicolas/curso-go/Clean-Arch-APP/internal/infra/graph/generated.go:3344.13,3346.4 1 0
github.com/lauronicolas/curso-go/Clean-Arch-APP/internal/infra/graph/generated.go:3346.9,3348.4 1 0
github.com/lauronicolas/curso-go/Clean-Arch-APP/internal/infra/graph/generated.go:3351.2,3353.24 2 0
github.com/lauronicolas/curso-go/Clean-Arch-APP/internal/infra/graph/generated.go:3353.24,3354.24 1 0
github.com/lauronicolas/curso-go/Clean-Arch-APP/internal/infra/graph/generated.go:3354.24,3356.4 1 0
github.com/lauronicolas/curso-go/Clean-Arch-APP/internal/infra/graph/generated.go:3359.2,3359.12 1 0
github.com/lauronicolas/curso-go/Clean-Arch-APP/internal/infra/graph/generated.go:3362.220,3363.14 1 0
github.com/lauronicolas/curso-go/Clean-Arch-APP/internal/infra/graph/generated.go:3363.14,3365.3 1 0
github.com/lauronicolas/curso-go/Clean-Arch-APP/internal/infra/graph/generated.go:3366.2,3369.13 4 0
github.com/lauronicolas/curso-go/Clean-Arch-APP/internal/infra/graph/generated.go:3369.13,3371.3 1 0
github.com/lauronicolas/curso-go/Clean-Arch-APP/internal/infra/graph/generated.go:3372.2,3372.19 1 0
github.com/lauronicolas/curso-go/Clean-Arch-APP/internal/infra/graph/generated.go:3372.19,3379.20 4 0
github.com/lauronicolas/curso-go/Clean-Arch-APP/internal/infra/graph/generated.go:3379.20,3380.17 1 0
github.com/lauronicolas/curso-go/Clean-Arch-APP/internal/infra/graph/generated.go:3380.17,3381.33 1 0
github.com/lauronicolas/curso-go/Clean-Arch-APP/internal/infra/graph/generated.go:3381.33,3384.6 2 0
github.com/lauronicolas/curso-go/Clean-Arch-APP/internal/infra/graph/generated.go:3386.4,3386.15 1 0
github.com/lauronicolas/curso-go/Clean-Arch-APP/internal/infra/graph/generated.go:3386.15,3388.5 1 0
github.com/lauronicolas/curso-go/Clean-Arch-APP/internal/infra/graph/generated.go:3389.4,3389.125 1 0
github.com/lauronicolas/curso-go/Clean-Arch-APP/internal/infra/graph/generated.go:3391.3,3391.13 1 0
github.com/lauronicolas/curso-go/Clean-Arch-APP/internal/infra/graph/generated.go:3391.13,3393.4 1 0
github.com/lauronicolas/curso-go/Clean-Arch-APP/internal/infra/graph/generated.go:3393.9,3395.4 1 0
github.com/lauronicolas/curso-go/Clean-Arch-APP/internal/infra/graph/generated.go:3398.2,3400.24 2 0
github.com/lauronicolas/curso-go/Clean-Arch-APP/internal/infra/graph/generated.go:3400.24,3401.24 1 0
github.com/lauronicolas/curso-go/Clean-Arch-APP/internal/infra/graph/generated.go:3401.24,3403.4 1 0
github.com/lauronicolas/curso-go/Clean-Arch-APP/internal/infra/graph/generated.go:3406.2,3406.12 1 0
github.com/lauronicolas/curso-go/Clean-Arch-APP/internal/infra/graph/generated.go:3409.204,3410.14 1 0
github.com/lauronicolas/curso-go/Clean-Arch-APP/internal/infra/graph/generated.go:3410.14,3412.3 1 0
github.com/lauronicolas/curso-go/Clean-Arch-APP/internal/infra/graph/generated.go:3413.2,3413.34 1 0
github.com/lauronicolas/curso-go/Clean-Arch-APP/internal/infra/graph/generated.go:3416.202,3417.14 1 0
github.com/lauronicolas/curso-go/Clean-Arch-APP/internal/infra/graph/generated.go:3417.14,3419.3 1 0
github.com/lauronicolas/curso-go/Clean-Arch-APP/internal/infra/graph/generated.go:3420.2,3423.13 4 0
github.com/lauronicolas/curso-go/Clean-Arch-APP/internal/infra/graph/generated.go:3423.13,3425.3 1 0
github.com/lauronicolas/curso-go/Clean-Arch-APP/internal/infra/graph/generated.go:3426.2,3426.19 1 0
github.com/lauronicolas/curso-go/Clean-Arch-APP/internal/infra/graph/generated.go:3426.19,3433.20 4 0
github.com/lauronicolas/curso-go/Clean-Arch-APP/internal/infra/graph/generated.go:3433.20,3434.17 1 0
github.com/lauronicolas/curso-go/Clean-Arch-APP/internal/infra/graph/generated.go:3434.17,3435.33 1 0
github.com/lauronicolas/curso-go/Clean-Arch-APP/internal/infra/graph/generated.go:3435.33,3438.6 2 0
github.com/lauronicolas/curso-go/Clean-Arch-APP/internal/infra/graph/generated.go:3440.4,3440.15 1 0
github.com/lauronicolas/curso-go/Clean-Arch-APP/internal/infra/graph/generated.go:3440.15,3442.5 1 0
github.com/lauronicolas/curso-go/Clean-Arch-APP/internal/infra/graph/generated.go:3443.4,3443.113 1 0
github.com/lauronicolas/curso-go/Clean-Arch-APP/internal/infra/graph/generated.go:3445.3,3445.13 1 0
github.com/lauronicolas/curso-go/Clean-Arch-APP/internal/infra/graph/generated.go:3445.13,3447.4 1 0
github.com/lauronicolas/curso-go/Clean-Arch-APP/internal/infra/graph/generated.go:3447.9,3449.4 1 0
github.com/lauronicolas/curso-go/Clean-Arch-APP/internal/infra/graph/generated.go:3452.2,3454.24 2 0
github.com/lauronicolas/curso-go/Clean-Arch-APP/internal/infra/graph/generated.go:3454.24,3455.24 1 0
github.com/lauronicolas/curso-go/Clean-Arch-APP/internal/infra/graph/generated.go:3455.24,3457.4 1 0
github.com/lauronicolas/curso-go/Clean-Arch-APP/internal/infra/graph/generated.go:3460.2,3460.12 1 0
github.com/lauronicolas/curso-go/Clean-Arch-APP/internal/infra/graph/generated.go:3463.198,3464.14 1 0
github.com/lauronicolas/curso-go/Clean-Arch-APP/internal/infra/graph/generated.go:3464.14,3466.3 1 0
github.com/lauronicolas/curso-go/Clean-Arch-APP/internal/infra/graph/generated.go:3467.2,3467.32 1 0
github.com/lauronicolas/curso-go/Clean-Arch-APP/internal/infra/graph/schema.resolvers.go:15.108,22.16 3 0
github.com/lauronicolas/curso-go/Clean-Arch-APP/internal/infra/graph/schema.resolvers.go:22.16,24.3 1 0
github.com/lauronicolas/curso-go/Clean-Arch-APP/internal/infra/graph/schema.resolvers.go:25.2,30.8 1 0
github.com/lauronicolas/curso-go/Clean-Arch-APP/internal/infra/graph/schema.resolvers.go:34.48,34.79 1 0
github.com/lauronicolas/curso-go/Clean-Arch-APP/internal/infra/database/order_repository.go:13.54,15.2 1 1
github.com/lauronicolas/curso-go/Clean-Arch-APP/internal/infra/database/order_repository.go:17.59,19.16 2 1
github.com/lauronicolas/curso-go/Clean-Arch-APP/internal/infra/database/order_repository.go:19.16,21.3 1 0
github.com/lauronicolas/curso-go/Clean-Arch-APP/internal/infra/database/order_repository.go:22.2,23.16 2 1
github.com/lauronicolas/curso-go/Clean-Arch-APP/internal/infra/database/order_repository.go:23.16,25.3 1 0
github.com/lauronicolas/curso-go/Clean-Arch-APP/internal/infra/database/order_repository.go:26.2,26.12 1 1
github.com/lauronicolas/curso-go/Clean-Arch-APP/internal/infra/database/order_repository.go:29.59,32.16 3 1
github.com/lauronicolas/curso-go/Clean-Arch-APP/internal/infra/database/order_repository.go:32.16,34.3 1 0
github.com/lauronicolas/curso-go/Clean-Arch-APP/internal/infra/database/order_repository.go:35.2,37.18 2 1
github.com/lauronicolas/curso-go/Clean-Arch-APP/internal/infra/database/order_repository.go:37.18,39.90 2 1
github.com/lauronicolas/curso-go/Clean-Arch-APP/internal/infra/database/order_repository.go:39.90,41.4 1 0
github.com/lauronicolas/curso-go/Clean-Arch-APP/internal/infra/database/order_repository.go:43.3,43.34 1 1
github.com/lauronicolas/curso-go/Clean-Arch-APP/internal/infra/database/order_repository.go:46.2,46.34 1 1
github.com/lauronicolas/curso-go/Clean-Arch-APP/internal/infra/database/order_repository.go:46.34,48.3 1 0
github.com/lauronicolas/curso-go/Clean-Arch-APP/internal/infra/database/order_repository.go:50.2,50.20 1 1
github.com/lauronicolas/curso-go/Clean-Arch-APP/pkg/events/event_dispatcher.go:14.44,18.2 1 1
github.com/lauronicolas/curso-go/Clean-Arch-APP/pkg/events/event_dispatcher.go:20.65,21.54 1 1
github.com/lauronicolas/curso-go/Clean-Arch-APP/pkg/events/event_dispatcher.go:21.54,23.36 2 1
github.com/lauronicolas/curso-go/Clean-Arch-APP/pkg/events/event_dispatcher.go:23.36,26.4 2 1
github.com/lauronicolas/curso-go/Clean-Arch-APP/pkg/events/event_dispatcher.go:27.3,27.12 1 1
github.com/lauronicolas/curso-go/Clean-Arch-APP/pkg/events/event_dispatcher.go:29.2,29.12 1 1
github.com/lauronicolas/curso-go/Clean-Arch-APP/pkg/events/event_dispatcher.go:32.92,33.41 1 1
github.com/lauronicolas/curso-go/Clean-Arch-APP/pkg/events/event_dispatcher.go:33.41,34.44 1 1
github.com/lauronicolas/curso-go/Clean-Arch-APP/pkg/events/event_dispatcher.go:34.44,35.20 1 1
github.com/lauronicolas/curso-go/Clean-Arch-APP/pkg/events/event_dispatcher.go:35.20,37.5 1 1
github.com/lauronicolas/curso-go/Clean-Arch-APP/pkg/events/event_dispatcher.go:40.2,41.12 2 1
github.com/lauronicolas/curso-go/Clean-Arch-APP/pkg/events/event_dispatcher.go:44.86,45.41 1 1
github.com/lauronicolas/curso-go/Clean-Arch-APP/pkg/events/event_dispatcher.go:45.41,46.44 1 1
github.com/lauronicolas/curso-go/Clean-Arch-APP/pkg/events/event_dispatcher.go:46.44,47.20 1 1
github.com/lauronicolas/curso-go/Clean-Arch-APP/pkg/events/event_dispatcher.go:47.20,49.5 1 1
github.com/lauronicolas/curso-go/Clean-Arch-APP/pkg/events/event_dispatcher.go:52.2,52.14 1 1
github.com/lauronicolas/curso-go/Clean-Arch-APP/pkg/events/event_dispatcher.go:55.90,56.41 1 1
github.com/lauronicolas/curso-go/Clean-Arch-APP/pkg/events/event_dispatcher.go:56.41,57.44 1 1
github.com/lauronicolas/curso-go/Clean-Arch-APP/pkg/events/event_dispatcher.go:57.44,58.20 1 1
github.com/lauronicolas/curso-go/Clean-Arch-APP/pkg/events/event_dispatcher.go:58.20,61.5 2 1
github.com/lauronicolas/curso-go/Clean-Arch-APP/pkg/events/event_dispatcher.go:64.2,64.12 1 0
github.com/lauronicolas/curso-go/Clean-Arch-APP/pkg/events/event_dispatcher.go:67.36,69.2 1 1
